<?xml version="1.0" encoding="UTF-8"?>
<robot generator="Robot 4.1.2 (Python 3.8.8 on win32)" generated="20220208 22:20:09.030" rpa="false" schemaversion="2">
<suite id="s1" name="Testing" source="D:\Documents\AY2122\Term 1\STSWENG\buendia-estates-website\testing">
<suite id="s1-s1" name="US 01" source="D:\Documents\AY2122\Term 1\STSWENG\buendia-estates-website\testing\US_01">
<suite id="s1-s1-s1" name="Us1" source="D:\Documents\AY2122\Term 1\STSWENG\buendia-estates-website\testing\US_01\us1.robot">
<kw name="Go Home" type="SETUP">
<kw name="Open Browser" library="SeleniumLibrary">
<arg>https://buendia-estates-website.vercel.app/</arg>
<arg>chrome</arg>
<doc>Opens a new browser instance to the optional ``url``.</doc>
<msg timestamp="20220208 22:20:09.329" level="INFO">Opening browser 'chrome' to base url 'https://buendia-estates-website.vercel.app/'.</msg>
<status status="PASS" starttime="20220208 22:20:09.328" endtime="20220208 22:21:17.009"/>
</kw>
<kw name="Maximize Browser Window" library="SeleniumLibrary">
<doc>Maximizes current browser window.</doc>
<status status="PASS" starttime="20220208 22:21:17.009" endtime="20220208 22:21:17.167"/>
</kw>
<status status="PASS" starttime="20220208 22:20:09.328" endtime="20220208 22:21:17.167"/>
</kw>
<test id="s1-s1-s1-t1" name="Test1 # Home Page is Accessible">
<kw name="Click Link" library="SeleniumLibrary">
<arg>link:Home</arg>
<doc>Clicks a link identified by ``locator``.</doc>
<msg timestamp="20220208 22:21:17.169" level="INFO">Clicking link 'link:Home'.</msg>
<status status="PASS" starttime="20220208 22:21:17.168" endtime="20220208 22:21:17.335"/>
</kw>
<status status="PASS" starttime="20220208 22:21:17.167" endtime="20220208 22:21:17.336"/>
</test>
<kw name="Close Browser" library="SeleniumLibrary" type="TEARDOWN">
<doc>Closes the current browser.</doc>
<status status="PASS" starttime="20220208 22:21:17.337" endtime="20220208 22:21:19.520"/>
</kw>
<doc>01 - Home Page
As a customer, I want to be able to see the home page of the website, featuring properties, information about selling properties, and customer reviews.

By Bryan Camarillo</doc>
<status status="PASS" starttime="20220208 22:20:09.069" endtime="20220208 22:21:19.520"/>
</suite>
<status status="PASS" starttime="20220208 22:20:09.066" endtime="20220208 22:21:19.524"/>
</suite>
<suite id="s1-s2" name="US 02" source="D:\Documents\AY2122\Term 1\STSWENG\buendia-estates-website\testing\US_02">
<suite id="s1-s2-s1" name="Us2" source="D:\Documents\AY2122\Term 1\STSWENG\buendia-estates-website\testing\US_02\us2.robot">
<kw name="Go Properties" type="SETUP">
<kw name="Open Browser" library="SeleniumLibrary">
<arg>https://buendia-estates-website.vercel.app/</arg>
<arg>chrome</arg>
<doc>Opens a new browser instance to the optional ``url``.</doc>
<msg timestamp="20220208 22:21:19.537" level="INFO">Opening browser 'chrome' to base url 'https://buendia-estates-website.vercel.app/'.</msg>
<status status="PASS" starttime="20220208 22:21:19.536" endtime="20220208 22:23:04.643"/>
</kw>
<kw name="Maximize Browser Window" library="SeleniumLibrary">
<doc>Maximizes current browser window.</doc>
<status status="PASS" starttime="20220208 22:23:04.643" endtime="20220208 22:23:04.764"/>
</kw>
<status status="PASS" starttime="20220208 22:21:19.536" endtime="20220208 22:23:04.764"/>
</kw>
<test id="s1-s2-s1-t1" name="Test1 # Properties Page is Accessible">
<kw name="Click Link" library="SeleniumLibrary">
<arg>link:Properties</arg>
<doc>Clicks a link identified by ``locator``.</doc>
<msg timestamp="20220208 22:23:04.767" level="INFO">Clicking link 'link:Properties'.</msg>
<status status="PASS" starttime="20220208 22:23:04.766" endtime="20220208 22:23:04.846"/>
</kw>
<status status="PASS" starttime="20220208 22:23:04.765" endtime="20220208 22:23:04.846"/>
</test>
<kw name="Close Browser" library="SeleniumLibrary" type="TEARDOWN">
<doc>Closes the current browser.</doc>
<status status="PASS" starttime="20220208 22:23:04.847" endtime="20220208 22:23:07.007"/>
</kw>
<doc>02 - Properties Page
As a customer, I want to be able to go the properties page and see all the properties that are being sold.

By Bryan Camarillo</doc>
<status status="PASS" starttime="20220208 22:21:19.530" endtime="20220208 22:23:07.007"/>
</suite>
<status status="PASS" starttime="20220208 22:21:19.526" endtime="20220208 22:23:07.013"/>
</suite>
<suite id="s1-s3" name="US 03" source="D:\Documents\AY2122\Term 1\STSWENG\buendia-estates-website\testing\US_03">
<suite id="s1-s3-s1" name="Us3" source="D:\Documents\AY2122\Term 1\STSWENG\buendia-estates-website\testing\US_03\us3.robot">
<kw name="Go Properties" type="SETUP">
<kw name="Open Browser" library="SeleniumLibrary">
<arg>https://buendia-estates-website.vercel.app/</arg>
<arg>chrome</arg>
<doc>Opens a new browser instance to the optional ``url``.</doc>
<msg timestamp="20220208 22:23:07.031" level="INFO">Opening browser 'chrome' to base url 'https://buendia-estates-website.vercel.app/'.</msg>
<status status="PASS" starttime="20220208 22:23:07.030" endtime="20220208 22:24:39.961"/>
</kw>
<kw name="Maximize Browser Window" library="SeleniumLibrary">
<doc>Maximizes current browser window.</doc>
<status status="PASS" starttime="20220208 22:24:39.961" endtime="20220208 22:24:40.075"/>
</kw>
<kw name="Click Link" library="SeleniumLibrary">
<arg>link:Properties</arg>
<doc>Clicks a link identified by ``locator``.</doc>
<msg timestamp="20220208 22:24:40.075" level="INFO">Clicking link 'link:Properties'.</msg>
<status status="PASS" starttime="20220208 22:24:40.075" endtime="20220208 22:24:40.184"/>
</kw>
<status status="PASS" starttime="20220208 22:23:07.030" endtime="20220208 22:24:40.185"/>
</kw>
<test id="s1-s3-s1-t1" name="Test1 # Properties Page is filterable by location (Any)">
<kw name="Wait Until Element Is Visible" library="SeleniumLibrary">
<arg>id:location</arg>
<doc>Waits until the element ``locator`` is visible.</doc>
<status status="PASS" starttime="20220208 22:24:40.186" endtime="20220208 22:24:40.220"/>
</kw>
<kw name="Click Element" library="SeleniumLibrary">
<arg>id:location</arg>
<doc>Click the element identified by ``locator``.</doc>
<msg timestamp="20220208 22:24:40.222" level="INFO">Clicking element 'id:location'.</msg>
<status status="PASS" starttime="20220208 22:24:40.222" endtime="20220208 22:24:40.291"/>
</kw>
<kw name="Select From List By Value" library="SeleniumLibrary">
<arg>id:location</arg>
<arg>any</arg>
<doc>Selects options from selection list ``locator`` by ``values``.</doc>
<msg timestamp="20220208 22:24:40.292" level="INFO">Selecting options from selection list 'id:location' by value any.</msg>
<status status="PASS" starttime="20220208 22:24:40.292" endtime="20220208 22:24:40.406"/>
</kw>
<kw name="Click Button" library="SeleniumLibrary">
<arg>class:Home_btn-search__nhjqf</arg>
<doc>Clicks the button identified by ``locator``.</doc>
<msg timestamp="20220208 22:24:40.408" level="INFO">Clicking button 'class:Home_btn-search__nhjqf'.</msg>
<status status="PASS" starttime="20220208 22:24:40.407" endtime="20220208 22:24:40.475"/>
</kw>
<kw name="Element Should Be Visible" library="SeleniumLibrary">
<arg>xpath://*[@class='property-card']//*[text()='Modern Commercial Property in Pasay City']</arg>
<doc>Verifies that the element identified by ``locator`` is visible.</doc>
<msg timestamp="20220208 22:24:40.501" level="INFO">Element 'xpath://*[@class='property-card']//*[text()='Modern Commercial Property in Pasay City']' is displayed.</msg>
<status status="PASS" starttime="20220208 22:24:40.476" endtime="20220208 22:24:40.501"/>
</kw>
<kw name="Element Should Be Visible" library="SeleniumLibrary">
<arg>xpath://*[@class='property-card']//*[text()='Modern Townhouse in Taguig City']</arg>
<doc>Verifies that the element identified by ``locator`` is visible.</doc>
<msg timestamp="20220208 22:24:40.521" level="INFO">Element 'xpath://*[@class='property-card']//*[text()='Modern Townhouse in Taguig City']' is displayed.</msg>
<status status="PASS" starttime="20220208 22:24:40.501" endtime="20220208 22:24:40.522"/>
</kw>
<kw name="Element Should Be Visible" library="SeleniumLibrary">
<arg>xpath://*[@class='property-card']//*[text()='Empty Lot in Quezon City']</arg>
<doc>Verifies that the element identified by ``locator`` is visible.</doc>
<msg timestamp="20220208 22:24:40.543" level="INFO">Element 'xpath://*[@class='property-card']//*[text()='Empty Lot in Quezon City']' is displayed.</msg>
<status status="PASS" starttime="20220208 22:24:40.522" endtime="20220208 22:24:40.543"/>
</kw>
<kw name="Element Should Be Visible" library="SeleniumLibrary">
<arg>xpath://*[@class='property-card']//*[text()='Cozy House in Mandaluyong City']</arg>
<doc>Verifies that the element identified by ``locator`` is visible.</doc>
<msg timestamp="20220208 22:24:40.566" level="INFO">Element 'xpath://*[@class='property-card']//*[text()='Cozy House in Mandaluyong City']' is displayed.</msg>
<status status="PASS" starttime="20220208 22:24:40.543" endtime="20220208 22:24:40.566"/>
</kw>
<kw name="Element Should Be Visible" library="SeleniumLibrary">
<arg>xpath://*[@class='property-card']//*[text()='Alder Residences Taguig City']</arg>
<doc>Verifies that the element identified by ``locator`` is visible.</doc>
<msg timestamp="20220208 22:24:40.601" level="INFO">Element 'xpath://*[@class='property-card']//*[text()='Alder Residences Taguig City']' is displayed.</msg>
<status status="PASS" starttime="20220208 22:24:40.568" endtime="20220208 22:24:40.601"/>
</kw>
<status status="PASS" starttime="20220208 22:24:40.185" endtime="20220208 22:24:40.602"/>
</test>
<test id="s1-s3-s1-t2" name="Test2">
<kw name="Wait Until Element Is Visible" library="SeleniumLibrary">
<arg>id:location</arg>
<doc>Waits until the element ``locator`` is visible.</doc>
<status status="PASS" starttime="20220208 22:24:40.603" endtime="20220208 22:24:40.702"/>
</kw>
<kw name="Click Element" library="SeleniumLibrary">
<arg>id:location</arg>
<doc>Click the element identified by ``locator``.</doc>
<msg timestamp="20220208 22:24:40.703" level="INFO">Clicking element 'id:location'.</msg>
<status status="PASS" starttime="20220208 22:24:40.702" endtime="20220208 22:24:40.779"/>
</kw>
<kw name="Select From List By Value" library="SeleniumLibrary">
<arg>id:location</arg>
<arg>Mandaluyong City</arg>
<doc>Selects options from selection list ``locator`` by ``values``.</doc>
<msg timestamp="20220208 22:24:40.783" level="INFO">Selecting options from selection list 'id:location' by value Mandaluyong City.</msg>
<status status="PASS" starttime="20220208 22:24:40.783" endtime="20220208 22:24:40.881"/>
</kw>
<kw name="Click Button" library="SeleniumLibrary">
<arg>class:Home_btn-search__nhjqf</arg>
<doc>Clicks the button identified by ``locator``.</doc>
<msg timestamp="20220208 22:24:40.882" level="INFO">Clicking button 'class:Home_btn-search__nhjqf'.</msg>
<status status="PASS" starttime="20220208 22:24:40.882" endtime="20220208 22:24:40.925"/>
</kw>
<kw name="Element Should Not Be Visible" library="SeleniumLibrary">
<arg>xpath://*[@class='property-card']//*[text()='Modern Commercial Property in Pasay City']</arg>
<doc>Verifies that the element identified by ``locator`` is NOT visible.</doc>
<msg timestamp="20220208 22:24:40.932" level="INFO">Element 'xpath://*[@class='property-card']//*[text()='Modern Commercial Property in Pasay City']' did not exist.</msg>
<status status="PASS" starttime="20220208 22:24:40.926" endtime="20220208 22:24:40.932"/>
</kw>
<status status="PASS" starttime="20220208 22:24:40.603" endtime="20220208 22:24:40.933"/>
</test>
<test id="s1-s3-s1-t3" name="Test3">
<kw name="Wait Until Element Is Visible" library="SeleniumLibrary">
<arg>id:location</arg>
<doc>Waits until the element ``locator`` is visible.</doc>
<status status="PASS" starttime="20220208 22:24:40.935" endtime="20220208 22:24:40.952"/>
</kw>
<kw name="Click Element" library="SeleniumLibrary">
<arg>id:location</arg>
<doc>Click the element identified by ``locator``.</doc>
<msg timestamp="20220208 22:24:40.953" level="INFO">Clicking element 'id:location'.</msg>
<status status="PASS" starttime="20220208 22:24:40.952" endtime="20220208 22:24:40.997"/>
</kw>
<kw name="Select From List By Value" library="SeleniumLibrary">
<arg>id:location</arg>
<arg>Pasay City</arg>
<doc>Selects options from selection list ``locator`` by ``values``.</doc>
<msg timestamp="20220208 22:24:40.998" level="INFO">Selecting options from selection list 'id:location' by value Pasay City.</msg>
<status status="PASS" starttime="20220208 22:24:40.997" endtime="20220208 22:24:41.053"/>
</kw>
<kw name="Click Button" library="SeleniumLibrary">
<arg>class:Home_btn-search__nhjqf</arg>
<doc>Clicks the button identified by ``locator``.</doc>
<msg timestamp="20220208 22:24:41.054" level="INFO">Clicking button 'class:Home_btn-search__nhjqf'.</msg>
<status status="PASS" starttime="20220208 22:24:41.054" endtime="20220208 22:24:41.095"/>
</kw>
<kw name="Element Should Not Be Visible" library="SeleniumLibrary">
<arg>xpath://*[@class='property-card']//*[text()='Modern Townhouse in Taguig City']</arg>
<doc>Verifies that the element identified by ``locator`` is NOT visible.</doc>
<msg timestamp="20220208 22:24:41.103" level="INFO">Element 'xpath://*[@class='property-card']//*[text()='Modern Townhouse in Taguig City']' did not exist.</msg>
<status status="PASS" starttime="20220208 22:24:41.096" endtime="20220208 22:24:41.103"/>
</kw>
<status status="PASS" starttime="20220208 22:24:40.934" endtime="20220208 22:24:41.103"/>
</test>
<test id="s1-s3-s1-t4" name="Test4">
<kw name="Wait Until Element Is Visible" library="SeleniumLibrary">
<arg>id:location</arg>
<doc>Waits until the element ``locator`` is visible.</doc>
<status status="PASS" starttime="20220208 22:24:41.105" endtime="20220208 22:24:41.119"/>
</kw>
<kw name="Click Element" library="SeleniumLibrary">
<arg>id:location</arg>
<doc>Click the element identified by ``locator``.</doc>
<msg timestamp="20220208 22:24:41.120" level="INFO">Clicking element 'id:location'.</msg>
<status status="PASS" starttime="20220208 22:24:41.119" endtime="20220208 22:24:41.168"/>
</kw>
<kw name="Select From List By Value" library="SeleniumLibrary">
<arg>id:location</arg>
<arg>Quezon City</arg>
<doc>Selects options from selection list ``locator`` by ``values``.</doc>
<msg timestamp="20220208 22:24:41.169" level="INFO">Selecting options from selection list 'id:location' by value Quezon City.</msg>
<status status="PASS" starttime="20220208 22:24:41.169" endtime="20220208 22:24:41.225"/>
</kw>
<kw name="Click Button" library="SeleniumLibrary">
<arg>class:Home_btn-search__nhjqf</arg>
<doc>Clicks the button identified by ``locator``.</doc>
<msg timestamp="20220208 22:24:41.228" level="INFO">Clicking button 'class:Home_btn-search__nhjqf'.</msg>
<status status="PASS" starttime="20220208 22:24:41.227" endtime="20220208 22:24:41.268"/>
</kw>
<kw name="Element Should Not Be Visible" library="SeleniumLibrary">
<arg>xpath://*[@class='property-card']//*[text()='Modern Commercial Property in Pasay City']</arg>
<doc>Verifies that the element identified by ``locator`` is NOT visible.</doc>
<msg timestamp="20220208 22:24:41.276" level="INFO">Element 'xpath://*[@class='property-card']//*[text()='Modern Commercial Property in Pasay City']' did not exist.</msg>
<status status="PASS" starttime="20220208 22:24:41.269" endtime="20220208 22:24:41.276"/>
</kw>
<status status="PASS" starttime="20220208 22:24:41.104" endtime="20220208 22:24:41.276"/>
</test>
<test id="s1-s3-s1-t5" name="Test5">
<kw name="Wait Until Element Is Visible" library="SeleniumLibrary">
<arg>id:location</arg>
<doc>Waits until the element ``locator`` is visible.</doc>
<status status="PASS" starttime="20220208 22:24:41.278" endtime="20220208 22:24:41.308"/>
</kw>
<kw name="Click Element" library="SeleniumLibrary">
<arg>id:location</arg>
<doc>Click the element identified by ``locator``.</doc>
<msg timestamp="20220208 22:24:41.309" level="INFO">Clicking element 'id:location'.</msg>
<status status="PASS" starttime="20220208 22:24:41.309" endtime="20220208 22:24:41.358"/>
</kw>
<kw name="Select From List By Value" library="SeleniumLibrary">
<arg>id:location</arg>
<arg>Taguig City</arg>
<doc>Selects options from selection list ``locator`` by ``values``.</doc>
<msg timestamp="20220208 22:24:41.362" level="INFO">Selecting options from selection list 'id:location' by value Taguig City.</msg>
<status status="PASS" starttime="20220208 22:24:41.361" endtime="20220208 22:24:41.414"/>
</kw>
<kw name="Click Button" library="SeleniumLibrary">
<arg>class:Home_btn-search__nhjqf</arg>
<doc>Clicks the button identified by ``locator``.</doc>
<msg timestamp="20220208 22:24:41.415" level="INFO">Clicking button 'class:Home_btn-search__nhjqf'.</msg>
<status status="PASS" starttime="20220208 22:24:41.415" endtime="20220208 22:24:41.458"/>
</kw>
<kw name="Element Should Not Be Visible" library="SeleniumLibrary">
<arg>xpath://*[@class='property-card']//*[text()='Modern Commercial Property in Pasay City']</arg>
<doc>Verifies that the element identified by ``locator`` is NOT visible.</doc>
<msg timestamp="20220208 22:24:41.465" level="INFO">Element 'xpath://*[@class='property-card']//*[text()='Modern Commercial Property in Pasay City']' did not exist.</msg>
<status status="PASS" starttime="20220208 22:24:41.459" endtime="20220208 22:24:41.465"/>
</kw>
<status status="PASS" starttime="20220208 22:24:41.277" endtime="20220208 22:24:41.465"/>
</test>
<test id="s1-s3-s1-t6" name="Test6">
<kw name="Wait Until Element Is Visible" library="SeleniumLibrary">
<arg>id:location</arg>
<doc>Waits until the element ``locator`` is visible.</doc>
<status status="PASS" starttime="20220208 22:24:41.467" endtime="20220208 22:24:41.482"/>
</kw>
<kw name="Click Element" library="SeleniumLibrary">
<arg>id:location</arg>
<doc>Click the element identified by ``locator``.</doc>
<msg timestamp="20220208 22:24:41.483" level="INFO">Clicking element 'id:location'.</msg>
<status status="PASS" starttime="20220208 22:24:41.483" endtime="20220208 22:24:41.535"/>
</kw>
<kw name="Select From List By Value" library="SeleniumLibrary">
<arg>id:location</arg>
<arg>any</arg>
<doc>Selects options from selection list ``locator`` by ``values``.</doc>
<msg timestamp="20220208 22:24:41.537" level="INFO">Selecting options from selection list 'id:location' by value any.</msg>
<status status="PASS" starttime="20220208 22:24:41.536" endtime="20220208 22:24:41.598"/>
</kw>
<kw name="Wait Until Element Is Visible" library="SeleniumLibrary">
<arg>id:propertytype</arg>
<doc>Waits until the element ``locator`` is visible.</doc>
<status status="PASS" starttime="20220208 22:24:41.600" endtime="20220208 22:24:41.624"/>
</kw>
<kw name="Click Element" library="SeleniumLibrary">
<arg>id:propertytype</arg>
<doc>Click the element identified by ``locator``.</doc>
<msg timestamp="20220208 22:24:41.625" level="INFO">Clicking element 'id:propertytype'.</msg>
<status status="PASS" starttime="20220208 22:24:41.625" endtime="20220208 22:24:41.705"/>
</kw>
<kw name="Select From List By Value" library="SeleniumLibrary">
<arg>id:propertytype</arg>
<arg>any</arg>
<doc>Selects options from selection list ``locator`` by ``values``.</doc>
<msg timestamp="20220208 22:24:41.706" level="INFO">Selecting options from selection list 'id:propertytype' by value any.</msg>
<status status="PASS" starttime="20220208 22:24:41.705" endtime="20220208 22:24:41.761"/>
</kw>
<kw name="Click Button" library="SeleniumLibrary">
<arg>class:Home_btn-search__nhjqf</arg>
<doc>Clicks the button identified by ``locator``.</doc>
<msg timestamp="20220208 22:24:41.762" level="INFO">Clicking button 'class:Home_btn-search__nhjqf'.</msg>
<status status="PASS" starttime="20220208 22:24:41.761" endtime="20220208 22:24:41.830"/>
</kw>
<kw name="Element Should Be Visible" library="SeleniumLibrary">
<arg>xpath://*[@class='property-card']//*[text()='Modern Commercial Property in Pasay City']</arg>
<doc>Verifies that the element identified by ``locator`` is visible.</doc>
<msg timestamp="20220208 22:24:41.849" level="INFO">Element 'xpath://*[@class='property-card']//*[text()='Modern Commercial Property in Pasay City']' is displayed.</msg>
<status status="PASS" starttime="20220208 22:24:41.831" endtime="20220208 22:24:41.849"/>
</kw>
<kw name="Element Should Be Visible" library="SeleniumLibrary">
<arg>xpath://*[@class='property-card']//*[text()='Modern Townhouse in Taguig City']</arg>
<doc>Verifies that the element identified by ``locator`` is visible.</doc>
<msg timestamp="20220208 22:24:41.865" level="INFO">Element 'xpath://*[@class='property-card']//*[text()='Modern Townhouse in Taguig City']' is displayed.</msg>
<status status="PASS" starttime="20220208 22:24:41.850" endtime="20220208 22:24:41.865"/>
</kw>
<kw name="Element Should Be Visible" library="SeleniumLibrary">
<arg>xpath://*[@class='property-card']//*[text()='Empty Lot in Quezon City']</arg>
<doc>Verifies that the element identified by ``locator`` is visible.</doc>
<msg timestamp="20220208 22:24:41.880" level="INFO">Element 'xpath://*[@class='property-card']//*[text()='Empty Lot in Quezon City']' is displayed.</msg>
<status status="PASS" starttime="20220208 22:24:41.865" endtime="20220208 22:24:41.881"/>
</kw>
<kw name="Element Should Be Visible" library="SeleniumLibrary">
<arg>xpath://*[@class='property-card']//*[text()='Cozy House in Mandaluyong City']</arg>
<doc>Verifies that the element identified by ``locator`` is visible.</doc>
<msg timestamp="20220208 22:24:41.899" level="INFO">Element 'xpath://*[@class='property-card']//*[text()='Cozy House in Mandaluyong City']' is displayed.</msg>
<status status="PASS" starttime="20220208 22:24:41.881" endtime="20220208 22:24:41.899"/>
</kw>
<kw name="Element Should Be Visible" library="SeleniumLibrary">
<arg>xpath://*[@class='property-card']//*[text()='Alder Residences Taguig City']</arg>
<doc>Verifies that the element identified by ``locator`` is visible.</doc>
<msg timestamp="20220208 22:24:41.918" level="INFO">Element 'xpath://*[@class='property-card']//*[text()='Alder Residences Taguig City']' is displayed.</msg>
<status status="PASS" starttime="20220208 22:24:41.900" endtime="20220208 22:24:41.918"/>
</kw>
<status status="PASS" starttime="20220208 22:24:41.467" endtime="20220208 22:24:41.918"/>
</test>
<test id="s1-s3-s1-t7" name="Test7">
<kw name="Wait Until Element Is Visible" library="SeleniumLibrary">
<arg>id:propertytype</arg>
<doc>Waits until the element ``locator`` is visible.</doc>
<status status="PASS" starttime="20220208 22:24:41.920" endtime="20220208 22:24:41.934"/>
</kw>
<kw name="Click Element" library="SeleniumLibrary">
<arg>id:propertytype</arg>
<doc>Click the element identified by ``locator``.</doc>
<msg timestamp="20220208 22:24:41.934" level="INFO">Clicking element 'id:propertytype'.</msg>
<status status="PASS" starttime="20220208 22:24:41.934" endtime="20220208 22:24:41.978"/>
</kw>
<kw name="Select From List By Value" library="SeleniumLibrary">
<arg>id:propertytype</arg>
<arg>Commercial Property</arg>
<doc>Selects options from selection list ``locator`` by ``values``.</doc>
<msg timestamp="20220208 22:24:41.979" level="INFO">Selecting options from selection list 'id:propertytype' by value Commercial Property.</msg>
<status status="PASS" starttime="20220208 22:24:41.978" endtime="20220208 22:24:42.038"/>
</kw>
<kw name="Click Button" library="SeleniumLibrary">
<arg>class:Home_btn-search__nhjqf</arg>
<doc>Clicks the button identified by ``locator``.</doc>
<msg timestamp="20220208 22:24:42.039" level="INFO">Clicking button 'class:Home_btn-search__nhjqf'.</msg>
<status status="PASS" starttime="20220208 22:24:42.039" endtime="20220208 22:24:42.081"/>
</kw>
<kw name="Element Should Not Be Visible" library="SeleniumLibrary">
<arg>xpath://*[@class='property-card']//*[text()='Modern Townhouse in Taguig City']</arg>
<doc>Verifies that the element identified by ``locator`` is NOT visible.</doc>
<msg timestamp="20220208 22:24:42.088" level="INFO">Element 'xpath://*[@class='property-card']//*[text()='Modern Townhouse in Taguig City']' did not exist.</msg>
<status status="PASS" starttime="20220208 22:24:42.082" endtime="20220208 22:24:42.088"/>
</kw>
<status status="PASS" starttime="20220208 22:24:41.919" endtime="20220208 22:24:42.088"/>
</test>
<test id="s1-s3-s1-t8" name="Test8">
<kw name="Wait Until Element Is Visible" library="SeleniumLibrary">
<arg>id:propertytype</arg>
<doc>Waits until the element ``locator`` is visible.</doc>
<status status="PASS" starttime="20220208 22:24:42.090" endtime="20220208 22:24:42.105"/>
</kw>
<kw name="Click Element" library="SeleniumLibrary">
<arg>id:propertytype</arg>
<doc>Click the element identified by ``locator``.</doc>
<msg timestamp="20220208 22:24:42.105" level="INFO">Clicking element 'id:propertytype'.</msg>
<status status="PASS" starttime="20220208 22:24:42.105" endtime="20220208 22:24:42.148"/>
</kw>
<kw name="Select From List By Value" library="SeleniumLibrary">
<arg>id:propertytype</arg>
<arg>Condominium</arg>
<doc>Selects options from selection list ``locator`` by ``values``.</doc>
<msg timestamp="20220208 22:24:42.149" level="INFO">Selecting options from selection list 'id:propertytype' by value Condominium.</msg>
<status status="PASS" starttime="20220208 22:24:42.148" endtime="20220208 22:24:42.203"/>
</kw>
<kw name="Click Button" library="SeleniumLibrary">
<arg>class:Home_btn-search__nhjqf</arg>
<doc>Clicks the button identified by ``locator``.</doc>
<msg timestamp="20220208 22:24:42.204" level="INFO">Clicking button 'class:Home_btn-search__nhjqf'.</msg>
<status status="PASS" starttime="20220208 22:24:42.203" endtime="20220208 22:24:42.242"/>
</kw>
<kw name="Element Should Not Be Visible" library="SeleniumLibrary">
<arg>xpath://*[@class='property-card']//*[text()='Modern Commercial Property in Pasay City']</arg>
<doc>Verifies that the element identified by ``locator`` is NOT visible.</doc>
<msg timestamp="20220208 22:24:42.250" level="INFO">Element 'xpath://*[@class='property-card']//*[text()='Modern Commercial Property in Pasay City']' did not exist.</msg>
<status status="PASS" starttime="20220208 22:24:42.242" endtime="20220208 22:24:42.250"/>
</kw>
<status status="PASS" starttime="20220208 22:24:42.089" endtime="20220208 22:24:42.250"/>
</test>
<test id="s1-s3-s1-t9" name="Test9">
<kw name="Wait Until Element Is Visible" library="SeleniumLibrary">
<arg>id:propertytype</arg>
<doc>Waits until the element ``locator`` is visible.</doc>
<status status="PASS" starttime="20220208 22:24:42.252" endtime="20220208 22:24:42.266"/>
</kw>
<kw name="Click Element" library="SeleniumLibrary">
<arg>id:propertytype</arg>
<doc>Click the element identified by ``locator``.</doc>
<msg timestamp="20220208 22:24:42.266" level="INFO">Clicking element 'id:propertytype'.</msg>
<status status="PASS" starttime="20220208 22:24:42.266" endtime="20220208 22:24:42.316"/>
</kw>
<kw name="Select From List By Value" library="SeleniumLibrary">
<arg>id:propertytype</arg>
<arg>Empty Lot</arg>
<doc>Selects options from selection list ``locator`` by ``values``.</doc>
<msg timestamp="20220208 22:24:42.317" level="INFO">Selecting options from selection list 'id:propertytype' by value Empty Lot.</msg>
<status status="PASS" starttime="20220208 22:24:42.317" endtime="20220208 22:24:42.374"/>
</kw>
<kw name="Click Button" library="SeleniumLibrary">
<arg>class:Home_btn-search__nhjqf</arg>
<doc>Clicks the button identified by ``locator``.</doc>
<msg timestamp="20220208 22:24:42.374" level="INFO">Clicking button 'class:Home_btn-search__nhjqf'.</msg>
<status status="PASS" starttime="20220208 22:24:42.374" endtime="20220208 22:24:42.415"/>
</kw>
<kw name="Element Should Not Be Visible" library="SeleniumLibrary">
<arg>xpath://*[@class='property-card']//*[text()='Modern Commercial Property in Pasay City']</arg>
<doc>Verifies that the element identified by ``locator`` is NOT visible.</doc>
<msg timestamp="20220208 22:24:42.422" level="INFO">Element 'xpath://*[@class='property-card']//*[text()='Modern Commercial Property in Pasay City']' did not exist.</msg>
<status status="PASS" starttime="20220208 22:24:42.415" endtime="20220208 22:24:42.422"/>
</kw>
<status status="PASS" starttime="20220208 22:24:42.252" endtime="20220208 22:24:42.423"/>
</test>
<test id="s1-s3-s1-t10" name="Test10">
<kw name="Wait Until Element Is Visible" library="SeleniumLibrary">
<arg>id:propertytype</arg>
<doc>Waits until the element ``locator`` is visible.</doc>
<status status="PASS" starttime="20220208 22:24:42.425" endtime="20220208 22:24:42.443"/>
</kw>
<kw name="Click Element" library="SeleniumLibrary">
<arg>id:propertytype</arg>
<doc>Click the element identified by ``locator``.</doc>
<msg timestamp="20220208 22:24:42.444" level="INFO">Clicking element 'id:propertytype'.</msg>
<status status="PASS" starttime="20220208 22:24:42.444" endtime="20220208 22:24:42.488"/>
</kw>
<kw name="Select From List By Value" library="SeleniumLibrary">
<arg>id:propertytype</arg>
<arg>Single Detached</arg>
<doc>Selects options from selection list ``locator`` by ``values``.</doc>
<msg timestamp="20220208 22:24:42.489" level="INFO">Selecting options from selection list 'id:propertytype' by value Single Detached.</msg>
<status status="PASS" starttime="20220208 22:24:42.489" endtime="20220208 22:24:42.548"/>
</kw>
<kw name="Click Button" library="SeleniumLibrary">
<arg>class:Home_btn-search__nhjqf</arg>
<doc>Clicks the button identified by ``locator``.</doc>
<msg timestamp="20220208 22:24:42.549" level="INFO">Clicking button 'class:Home_btn-search__nhjqf'.</msg>
<status status="PASS" starttime="20220208 22:24:42.549" endtime="20220208 22:24:42.594"/>
</kw>
<kw name="Element Should Not Be Visible" library="SeleniumLibrary">
<arg>xpath://*[@class='property-card']//*[text()='Modern Commercial Property in Pasay City']</arg>
<doc>Verifies that the element identified by ``locator`` is NOT visible.</doc>
<msg timestamp="20220208 22:24:42.602" level="INFO">Element 'xpath://*[@class='property-card']//*[text()='Modern Commercial Property in Pasay City']' did not exist.</msg>
<status status="PASS" starttime="20220208 22:24:42.595" endtime="20220208 22:24:42.602"/>
</kw>
<status status="PASS" starttime="20220208 22:24:42.424" endtime="20220208 22:24:42.602"/>
</test>
<test id="s1-s3-s1-t11" name="Test11">
<kw name="Wait Until Element Is Visible" library="SeleniumLibrary">
<arg>id:propertytype</arg>
<doc>Waits until the element ``locator`` is visible.</doc>
<status status="PASS" starttime="20220208 22:24:42.604" endtime="20220208 22:24:42.617"/>
</kw>
<kw name="Click Element" library="SeleniumLibrary">
<arg>id:propertytype</arg>
<doc>Click the element identified by ``locator``.</doc>
<msg timestamp="20220208 22:24:42.618" level="INFO">Clicking element 'id:propertytype'.</msg>
<status status="PASS" starttime="20220208 22:24:42.617" endtime="20220208 22:24:42.664"/>
</kw>
<kw name="Select From List By Value" library="SeleniumLibrary">
<arg>id:propertytype</arg>
<arg>Townhouse</arg>
<doc>Selects options from selection list ``locator`` by ``values``.</doc>
<msg timestamp="20220208 22:24:42.665" level="INFO">Selecting options from selection list 'id:propertytype' by value Townhouse.</msg>
<status status="PASS" starttime="20220208 22:24:42.664" endtime="20220208 22:24:42.720"/>
</kw>
<kw name="Click Button" library="SeleniumLibrary">
<arg>class:Home_btn-search__nhjqf</arg>
<doc>Clicks the button identified by ``locator``.</doc>
<msg timestamp="20220208 22:24:42.720" level="INFO">Clicking button 'class:Home_btn-search__nhjqf'.</msg>
<status status="PASS" starttime="20220208 22:24:42.720" endtime="20220208 22:24:42.760"/>
</kw>
<kw name="Element Should Not Be Visible" library="SeleniumLibrary">
<arg>xpath://*[@class='property-card']//*[text()='Modern Commercial Property in Pasay City']</arg>
<doc>Verifies that the element identified by ``locator`` is NOT visible.</doc>
<msg timestamp="20220208 22:24:42.767" level="INFO">Element 'xpath://*[@class='property-card']//*[text()='Modern Commercial Property in Pasay City']' did not exist.</msg>
<status status="PASS" starttime="20220208 22:24:42.761" endtime="20220208 22:24:42.768"/>
</kw>
<status status="PASS" starttime="20220208 22:24:42.603" endtime="20220208 22:24:42.768"/>
</test>
<test id="s1-s3-s1-t12" name="Test12">
<kw name="Wait Until Element Is Visible" library="SeleniumLibrary">
<arg>id:location</arg>
<doc>Waits until the element ``locator`` is visible.</doc>
<status status="PASS" starttime="20220208 22:24:42.769" endtime="20220208 22:24:42.783"/>
</kw>
<kw name="Click Element" library="SeleniumLibrary">
<arg>id:location</arg>
<doc>Click the element identified by ``locator``.</doc>
<msg timestamp="20220208 22:24:42.783" level="INFO">Clicking element 'id:location'.</msg>
<status status="PASS" starttime="20220208 22:24:42.783" endtime="20220208 22:24:42.823"/>
</kw>
<kw name="Select From List By Value" library="SeleniumLibrary">
<arg>id:location</arg>
<arg>any</arg>
<doc>Selects options from selection list ``locator`` by ``values``.</doc>
<msg timestamp="20220208 22:24:42.824" level="INFO">Selecting options from selection list 'id:location' by value any.</msg>
<status status="PASS" starttime="20220208 22:24:42.824" endtime="20220208 22:24:42.852"/>
</kw>
<kw name="Wait Until Element Is Visible" library="SeleniumLibrary">
<arg>id:propertytype</arg>
<doc>Waits until the element ``locator`` is visible.</doc>
<status status="PASS" starttime="20220208 22:24:42.853" endtime="20220208 22:24:42.867"/>
</kw>
<kw name="Click Element" library="SeleniumLibrary">
<arg>id:propertytype</arg>
<doc>Click the element identified by ``locator``.</doc>
<msg timestamp="20220208 22:24:42.867" level="INFO">Clicking element 'id:propertytype'.</msg>
<status status="PASS" starttime="20220208 22:24:42.867" endtime="20220208 22:24:42.914"/>
</kw>
<kw name="Select From List By Value" library="SeleniumLibrary">
<arg>id:propertytype</arg>
<arg>any</arg>
<doc>Selects options from selection list ``locator`` by ``values``.</doc>
<msg timestamp="20220208 22:24:42.915" level="INFO">Selecting options from selection list 'id:propertytype' by value any.</msg>
<status status="PASS" starttime="20220208 22:24:42.915" endtime="20220208 22:24:42.957"/>
</kw>
<kw name="Click Element" library="SeleniumLibrary">
<arg>id:pr-minval</arg>
<doc>Click the element identified by ``locator``.</doc>
<msg timestamp="20220208 22:24:42.958" level="INFO">Clicking element 'id:pr-minval'.</msg>
<status status="PASS" starttime="20220208 22:24:42.957" endtime="20220208 22:24:43.098"/>
</kw>
<kw name="Press Keys" library="SeleniumLibrary">
<arg>id:pr-minval</arg>
<arg>0</arg>
<doc>Simulates the user pressing key(s) to an element or on the active browser.</doc>
<msg timestamp="20220208 22:24:43.100" level="INFO">Sending key(s) ('0',) to id:pr-minval element.</msg>
<msg timestamp="20220208 22:24:43.377" level="INFO">Sending key 0</msg>
<status status="PASS" starttime="20220208 22:24:43.099" endtime="20220208 22:24:43.385"/>
</kw>
<kw name="Click Element" library="SeleniumLibrary">
<arg>id:pr-maxval</arg>
<doc>Click the element identified by ``locator``.</doc>
<msg timestamp="20220208 22:24:43.386" level="INFO">Clicking element 'id:pr-maxval'.</msg>
<status status="PASS" starttime="20220208 22:24:43.386" endtime="20220208 22:24:43.439"/>
</kw>
<kw name="Press Keys" library="SeleniumLibrary">
<arg>pr-maxval</arg>
<arg>100000000</arg>
<doc>Simulates the user pressing key(s) to an element or on the active browser.</doc>
<msg timestamp="20220208 22:24:43.440" level="INFO">Sending key(s) ('100000000',) to pr-maxval element.</msg>
<msg timestamp="20220208 22:24:43.712" level="INFO">Sending keys 100000000</msg>
<status status="PASS" starttime="20220208 22:24:43.440" endtime="20220208 22:24:43.745"/>
</kw>
<kw name="Click Button" library="SeleniumLibrary">
<arg>class:Home_btn-search__nhjqf</arg>
<doc>Clicks the button identified by ``locator``.</doc>
<msg timestamp="20220208 22:24:43.746" level="INFO">Clicking button 'class:Home_btn-search__nhjqf'.</msg>
<status status="PASS" starttime="20220208 22:24:43.746" endtime="20220208 22:24:43.789"/>
</kw>
<kw name="Element Should Be Visible" library="SeleniumLibrary">
<arg>xpath://*[@class='property-card']//*[text()='Modern Commercial Property in Pasay City']</arg>
<doc>Verifies that the element identified by ``locator`` is visible.</doc>
<msg timestamp="20220208 22:24:43.805" level="INFO">Element 'xpath://*[@class='property-card']//*[text()='Modern Commercial Property in Pasay City']' is displayed.</msg>
<status status="PASS" starttime="20220208 22:24:43.789" endtime="20220208 22:24:43.805"/>
</kw>
<kw name="Element Should Be Visible" library="SeleniumLibrary">
<arg>xpath://*[@class='property-card']//*[text()='Modern Townhouse in Taguig City']</arg>
<doc>Verifies that the element identified by ``locator`` is visible.</doc>
<msg timestamp="20220208 22:24:43.819" level="INFO">Element 'xpath://*[@class='property-card']//*[text()='Modern Townhouse in Taguig City']' is displayed.</msg>
<status status="PASS" starttime="20220208 22:24:43.805" endtime="20220208 22:24:43.819"/>
</kw>
<kw name="Element Should Be Visible" library="SeleniumLibrary">
<arg>xpath://*[@class='property-card']//*[text()='Empty Lot in Quezon City']</arg>
<doc>Verifies that the element identified by ``locator`` is visible.</doc>
<msg timestamp="20220208 22:24:43.832" level="INFO">Element 'xpath://*[@class='property-card']//*[text()='Empty Lot in Quezon City']' is displayed.</msg>
<status status="PASS" starttime="20220208 22:24:43.819" endtime="20220208 22:24:43.832"/>
</kw>
<kw name="Element Should Be Visible" library="SeleniumLibrary">
<arg>xpath://*[@class='property-card']//*[text()='Cozy House in Mandaluyong City']</arg>
<doc>Verifies that the element identified by ``locator`` is visible.</doc>
<msg timestamp="20220208 22:24:43.845" level="INFO">Element 'xpath://*[@class='property-card']//*[text()='Cozy House in Mandaluyong City']' is displayed.</msg>
<status status="PASS" starttime="20220208 22:24:43.833" endtime="20220208 22:24:43.846"/>
</kw>
<kw name="Element Should Be Visible" library="SeleniumLibrary">
<arg>xpath://*[@class='property-card']//*[text()='Alder Residences Taguig City']</arg>
<doc>Verifies that the element identified by ``locator`` is visible.</doc>
<msg timestamp="20220208 22:24:43.859" level="INFO">Element 'xpath://*[@class='property-card']//*[text()='Alder Residences Taguig City']' is displayed.</msg>
<status status="PASS" starttime="20220208 22:24:43.846" endtime="20220208 22:24:43.859"/>
</kw>
<status status="PASS" starttime="20220208 22:24:42.769" endtime="20220208 22:24:43.859"/>
</test>
<test id="s1-s3-s1-t13" name="Test13">
<kw name="Click Element" library="SeleniumLibrary">
<arg>id:pr-minval</arg>
<doc>Click the element identified by ``locator``.</doc>
<msg timestamp="20220208 22:24:43.862" level="INFO">Clicking element 'id:pr-minval'.</msg>
<status status="PASS" starttime="20220208 22:24:43.861" endtime="20220208 22:24:43.887"/>
</kw>
<kw name="Press Keys" library="SeleniumLibrary">
<arg>id:pr-minval</arg>
<arg>-10000</arg>
<doc>Simulates the user pressing key(s) to an element or on the active browser.</doc>
<msg timestamp="20220208 22:24:43.888" level="INFO">Sending key(s) ('-10000',) to id:pr-minval element.</msg>
<msg timestamp="20220208 22:24:44.151" level="INFO">Sending keys -10000</msg>
<status status="PASS" starttime="20220208 22:24:43.887" endtime="20220208 22:24:44.171"/>
</kw>
<kw name="Click Element" library="SeleniumLibrary">
<arg>id:pr-maxval</arg>
<doc>Click the element identified by ``locator``.</doc>
<msg timestamp="20220208 22:24:44.172" level="INFO">Clicking element 'id:pr-maxval'.</msg>
<status status="PASS" starttime="20220208 22:24:44.172" endtime="20220208 22:24:44.206"/>
</kw>
<kw name="Press Keys" library="SeleniumLibrary">
<arg>id:pr-maxval</arg>
<arg>100000000</arg>
<doc>Simulates the user pressing key(s) to an element or on the active browser.</doc>
<msg timestamp="20220208 22:24:44.207" level="INFO">Sending key(s) ('100000000',) to id:pr-maxval element.</msg>
<msg timestamp="20220208 22:24:44.471" level="INFO">Sending keys 100000000</msg>
<status status="PASS" starttime="20220208 22:24:44.206" endtime="20220208 22:24:44.513"/>
</kw>
<kw name="Click Button" library="SeleniumLibrary">
<arg>class:Home_btn-search__nhjqf</arg>
<doc>Clicks the button identified by ``locator``.</doc>
<msg timestamp="20220208 22:24:44.514" level="INFO">Clicking button 'class:Home_btn-search__nhjqf'.</msg>
<status status="PASS" starttime="20220208 22:24:44.513" endtime="20220208 22:24:44.548"/>
</kw>
<kw name="Page Should Contain" library="SeleniumLibrary">
<arg>Error</arg>
<doc>Verifies that current page contains ``text``.</doc>
<kw name="Capture Page Screenshot" library="SeleniumLibrary">
<doc>Takes a screenshot of the current page and embeds it into a log file.</doc>
<msg timestamp="20220208 22:24:45.099" level="INFO" html="true">&lt;/td&gt;&lt;/tr&gt;&lt;tr&gt;&lt;td colspan="3"&gt;&lt;a href="selenium-screenshot-1.png"&gt;&lt;img src="selenium-screenshot-1.png" width="800px"&gt;&lt;/a&gt;</msg>
<status status="PASS" starttime="20220208 22:24:44.586" endtime="20220208 22:24:45.099"/>
</kw>
<msg timestamp="20220208 22:24:45.137" level="FAIL">Page should have contained text 'Error' but did not.</msg>
<status status="FAIL" starttime="20220208 22:24:44.548" endtime="20220208 22:24:45.137"/>
</kw>
<status status="FAIL" starttime="20220208 22:24:43.861" endtime="20220208 22:24:45.138">Page should have contained text 'Error' but did not.</status>
</test>
<test id="s1-s3-s1-t14" name="Test14">
<kw name="Click Element" library="SeleniumLibrary">
<arg>id:pr-minval</arg>
<doc>Click the element identified by ``locator``.</doc>
<msg timestamp="20220208 22:24:45.140" level="INFO">Clicking element 'id:pr-minval'.</msg>
<status status="PASS" starttime="20220208 22:24:45.140" endtime="20220208 22:24:45.169"/>
</kw>
<kw name="Press Keys" library="SeleniumLibrary">
<arg>id:pr-minval</arg>
<arg>100000000</arg>
<doc>Simulates the user pressing key(s) to an element or on the active browser.</doc>
<msg timestamp="20220208 22:24:45.171" level="INFO">Sending key(s) ('100000000',) to id:pr-minval element.</msg>
<msg timestamp="20220208 22:24:45.435" level="INFO">Sending keys 100000000</msg>
<status status="PASS" starttime="20220208 22:24:45.170" endtime="20220208 22:24:45.469"/>
</kw>
<kw name="Click Element" library="SeleniumLibrary">
<arg>id:pr-maxval</arg>
<doc>Click the element identified by ``locator``.</doc>
<msg timestamp="20220208 22:24:45.476" level="INFO">Clicking element 'id:pr-maxval'.</msg>
<status status="PASS" starttime="20220208 22:24:45.475" endtime="20220208 22:24:45.514"/>
</kw>
<kw name="Press Keys" library="SeleniumLibrary">
<arg>id:pr-maxval</arg>
<arg>0</arg>
<doc>Simulates the user pressing key(s) to an element or on the active browser.</doc>
<msg timestamp="20220208 22:24:45.515" level="INFO">Sending key(s) ('0',) to id:pr-maxval element.</msg>
<msg timestamp="20220208 22:24:45.798" level="INFO">Sending key 0</msg>
<status status="PASS" starttime="20220208 22:24:45.514" endtime="20220208 22:24:45.813"/>
</kw>
<kw name="Click Button" library="SeleniumLibrary">
<arg>class:Home_btn-search__nhjqf</arg>
<doc>Clicks the button identified by ``locator``.</doc>
<msg timestamp="20220208 22:24:45.814" level="INFO">Clicking button 'class:Home_btn-search__nhjqf'.</msg>
<status status="PASS" starttime="20220208 22:24:45.814" endtime="20220208 22:24:45.851"/>
</kw>
<kw name="Page Should Contain" library="SeleniumLibrary">
<arg>Error</arg>
<doc>Verifies that current page contains ``text``.</doc>
<kw name="Capture Page Screenshot" library="SeleniumLibrary">
<doc>Takes a screenshot of the current page and embeds it into a log file.</doc>
<msg timestamp="20220208 22:24:46.398" level="INFO" html="true">&lt;/td&gt;&lt;/tr&gt;&lt;tr&gt;&lt;td colspan="3"&gt;&lt;a href="selenium-screenshot-2.png"&gt;&lt;img src="selenium-screenshot-2.png" width="800px"&gt;&lt;/a&gt;</msg>
<status status="PASS" starttime="20220208 22:24:45.879" endtime="20220208 22:24:46.399"/>
</kw>
<msg timestamp="20220208 22:24:46.399" level="FAIL">Page should have contained text 'Error' but did not.</msg>
<status status="FAIL" starttime="20220208 22:24:45.851" endtime="20220208 22:24:46.400"/>
</kw>
<status status="FAIL" starttime="20220208 22:24:45.139" endtime="20220208 22:24:46.412">Page should have contained text 'Error' but did not.</status>
</test>
<test id="s1-s3-s1-t15" name="Test15">
<kw name="Click Element" library="SeleniumLibrary">
<arg>id:pr-minval</arg>
<doc>Click the element identified by ``locator``.</doc>
<msg timestamp="20220208 22:24:46.418" level="INFO">Clicking element 'id:pr-minval'.</msg>
<status status="PASS" starttime="20220208 22:24:46.418" endtime="20220208 22:24:46.476"/>
</kw>
<kw name="Press Keys" library="SeleniumLibrary">
<arg>id:pr-minval</arg>
<arg>100000000</arg>
<doc>Simulates the user pressing key(s) to an element or on the active browser.</doc>
<msg timestamp="20220208 22:24:46.477" level="INFO">Sending key(s) ('100000000',) to id:pr-minval element.</msg>
<msg timestamp="20220208 22:24:46.754" level="INFO">Sending keys 100000000</msg>
<status status="PASS" starttime="20220208 22:24:46.477" endtime="20220208 22:24:46.808"/>
</kw>
<kw name="Click Element" library="SeleniumLibrary">
<arg>id:pr-maxval</arg>
<doc>Click the element identified by ``locator``.</doc>
<msg timestamp="20220208 22:24:46.810" level="INFO">Clicking element 'id:pr-maxval'.</msg>
<status status="PASS" starttime="20220208 22:24:46.809" endtime="20220208 22:24:46.849"/>
</kw>
<kw name="Press Keys" library="SeleniumLibrary">
<arg>id:pr-maxval</arg>
<arg>-10000</arg>
<doc>Simulates the user pressing key(s) to an element or on the active browser.</doc>
<msg timestamp="20220208 22:24:46.851" level="INFO">Sending key(s) ('-10000',) to id:pr-maxval element.</msg>
<msg timestamp="20220208 22:24:47.138" level="INFO">Sending keys -10000</msg>
<status status="PASS" starttime="20220208 22:24:46.850" endtime="20220208 22:24:47.170"/>
</kw>
<kw name="Click Button" library="SeleniumLibrary">
<arg>class:Home_btn-search__nhjqf</arg>
<doc>Clicks the button identified by ``locator``.</doc>
<msg timestamp="20220208 22:24:47.171" level="INFO">Clicking button 'class:Home_btn-search__nhjqf'.</msg>
<status status="PASS" starttime="20220208 22:24:47.170" endtime="20220208 22:24:47.207"/>
</kw>
<kw name="Page Should Contain" library="SeleniumLibrary">
<arg>Error</arg>
<doc>Verifies that current page contains ``text``.</doc>
<kw name="Capture Page Screenshot" library="SeleniumLibrary">
<doc>Takes a screenshot of the current page and embeds it into a log file.</doc>
<msg timestamp="20220208 22:24:47.676" level="INFO" html="true">&lt;/td&gt;&lt;/tr&gt;&lt;tr&gt;&lt;td colspan="3"&gt;&lt;a href="selenium-screenshot-3.png"&gt;&lt;img src="selenium-screenshot-3.png" width="800px"&gt;&lt;/a&gt;</msg>
<status status="PASS" starttime="20220208 22:24:47.228" endtime="20220208 22:24:47.676"/>
</kw>
<msg timestamp="20220208 22:24:47.677" level="FAIL">Page should have contained text 'Error' but did not.</msg>
<status status="FAIL" starttime="20220208 22:24:47.208" endtime="20220208 22:24:47.677"/>
</kw>
<status status="FAIL" starttime="20220208 22:24:46.417" endtime="20220208 22:24:47.678">Page should have contained text 'Error' but did not.</status>
</test>
<test id="s1-s3-s1-t16" name="Test16">
<kw name="Click Button" library="SeleniumLibrary">
<arg>class:Home_btn-clear__0sfG5</arg>
<doc>Clicks the button identified by ``locator``.</doc>
<msg timestamp="20220208 22:24:47.680" level="INFO">Clicking button 'class:Home_btn-clear__0sfG5'.</msg>
<status status="PASS" starttime="20220208 22:24:47.680" endtime="20220208 22:24:47.737"/>
</kw>
<kw name="Click Button" library="SeleniumLibrary">
<arg>class:Home_btn-search__nhjqf</arg>
<doc>Clicks the button identified by ``locator``.</doc>
<msg timestamp="20220208 22:24:47.740" level="INFO">Clicking button 'class:Home_btn-search__nhjqf'.</msg>
<status status="PASS" starttime="20220208 22:24:47.739" endtime="20220208 22:24:47.776"/>
</kw>
<kw name="Element Should Be Visible" library="SeleniumLibrary">
<arg>xpath://*[@class='property-card']//*[text()='Modern Commercial Property in Pasay City']</arg>
<doc>Verifies that the element identified by ``locator`` is visible.</doc>
<msg timestamp="20220208 22:24:47.798" level="INFO">Element 'xpath://*[@class='property-card']//*[text()='Modern Commercial Property in Pasay City']' is displayed.</msg>
<status status="PASS" starttime="20220208 22:24:47.777" endtime="20220208 22:24:47.798"/>
</kw>
<kw name="Element Should Be Visible" library="SeleniumLibrary">
<arg>xpath://*[@class='property-card']//*[text()='Modern Townhouse in Taguig City']</arg>
<doc>Verifies that the element identified by ``locator`` is visible.</doc>
<msg timestamp="20220208 22:24:47.812" level="INFO">Element 'xpath://*[@class='property-card']//*[text()='Modern Townhouse in Taguig City']' is displayed.</msg>
<status status="PASS" starttime="20220208 22:24:47.798" endtime="20220208 22:24:47.812"/>
</kw>
<kw name="Element Should Be Visible" library="SeleniumLibrary">
<arg>xpath://*[@class='property-card']//*[text()='Empty Lot in Quezon City']</arg>
<doc>Verifies that the element identified by ``locator`` is visible.</doc>
<msg timestamp="20220208 22:24:47.829" level="INFO">Element 'xpath://*[@class='property-card']//*[text()='Empty Lot in Quezon City']' is displayed.</msg>
<status status="PASS" starttime="20220208 22:24:47.813" endtime="20220208 22:24:47.829"/>
</kw>
<kw name="Element Should Be Visible" library="SeleniumLibrary">
<arg>xpath://*[@class='property-card']//*[text()='Cozy House in Mandaluyong City']</arg>
<doc>Verifies that the element identified by ``locator`` is visible.</doc>
<msg timestamp="20220208 22:24:47.842" level="INFO">Element 'xpath://*[@class='property-card']//*[text()='Cozy House in Mandaluyong City']' is displayed.</msg>
<status status="PASS" starttime="20220208 22:24:47.829" endtime="20220208 22:24:47.842"/>
</kw>
<kw name="Element Should Be Visible" library="SeleniumLibrary">
<arg>xpath://*[@class='property-card']//*[text()='Alder Residences Taguig City']</arg>
<doc>Verifies that the element identified by ``locator`` is visible.</doc>
<msg timestamp="20220208 22:24:47.855" level="INFO">Element 'xpath://*[@class='property-card']//*[text()='Alder Residences Taguig City']' is displayed.</msg>
<status status="PASS" starttime="20220208 22:24:47.842" endtime="20220208 22:24:47.855"/>
</kw>
<status status="PASS" starttime="20220208 22:24:47.679" endtime="20220208 22:24:47.855"/>
</test>
<kw name="Close Browser" library="SeleniumLibrary" type="TEARDOWN">
<doc>Closes the current browser.</doc>
<status status="PASS" starttime="20220208 22:24:47.856" endtime="20220208 22:24:51.543"/>
</kw>
<doc>03 - Properties Filter
As a customer, I want to be able to filter the properties by location, property type, and price range.

By Bryan Camarillo</doc>
<status status="FAIL" starttime="20220208 22:23:07.022" endtime="20220208 22:24:51.543"/>
</suite>
<status status="FAIL" starttime="20220208 22:23:07.018" endtime="20220208 22:24:51.548"/>
</suite>
<suite id="s1-s4" name="US 04" source="D:\Documents\AY2122\Term 1\STSWENG\buendia-estates-website\testing\US_04">
<suite id="s1-s4-s1" name="Us4" source="D:\Documents\AY2122\Term 1\STSWENG\buendia-estates-website\testing\US_04\us4.robot">
<kw name="Go Properties" type="SETUP">
<kw name="Open Browser" library="SeleniumLibrary">
<arg>https://buendia-estates-website.vercel.app/</arg>
<arg>chrome</arg>
<doc>Opens a new browser instance to the optional ``url``.</doc>
<msg timestamp="20220208 22:24:51.560" level="INFO">Opening browser 'chrome' to base url 'https://buendia-estates-website.vercel.app/'.</msg>
<status status="PASS" starttime="20220208 22:24:51.560" endtime="20220208 22:26:06.986"/>
</kw>
<kw name="Maximize Browser Window" library="SeleniumLibrary">
<doc>Maximizes current browser window.</doc>
<status status="PASS" starttime="20220208 22:26:06.986" endtime="20220208 22:26:07.103"/>
</kw>
<kw name="Click Link" library="SeleniumLibrary">
<arg>link:Properties</arg>
<doc>Clicks a link identified by ``locator``.</doc>
<msg timestamp="20220208 22:26:07.104" level="INFO">Clicking link 'link:Properties'.</msg>
<status status="PASS" starttime="20220208 22:26:07.103" endtime="20220208 22:26:07.189"/>
</kw>
<status status="PASS" starttime="20220208 22:24:51.559" endtime="20220208 22:26:07.189"/>
</kw>
<test id="s1-s4-s1-t1" name="Test1">
<kw name="Wait Until Element Is Visible" library="SeleniumLibrary">
<arg>id:sort-by</arg>
<doc>Waits until the element ``locator`` is visible.</doc>
<status status="PASS" starttime="20220208 22:26:07.189" endtime="20220208 22:26:10.518"/>
</kw>
<kw name="Select From List By Value" library="SeleniumLibrary">
<arg>id:sort-by</arg>
<arg>date-added</arg>
<doc>Selects options from selection list ``locator`` by ``values``.</doc>
<msg timestamp="20220208 22:26:10.519" level="INFO">Selecting options from selection list 'id:sort-by' by value date-added.</msg>
<status status="PASS" starttime="20220208 22:26:10.519" endtime="20220208 22:26:10.577"/>
</kw>
<kw name="Select From List By Value" library="SeleniumLibrary">
<arg>id:low-high-first</arg>
<arg>lowest</arg>
<doc>Selects options from selection list ``locator`` by ``values``.</doc>
<msg timestamp="20220208 22:26:10.578" level="INFO">Selecting options from selection list 'id:low-high-first' by value lowest.</msg>
<status status="PASS" starttime="20220208 22:26:10.577" endtime="20220208 22:26:10.653"/>
</kw>
<status status="PASS" starttime="20220208 22:26:07.189" endtime="20220208 22:26:10.654"/>
</test>
<test id="s1-s4-s1-t2" name="Test2">
<kw name="Wait Until Element Is Visible" library="SeleniumLibrary">
<arg>id:sort-by</arg>
<doc>Waits until the element ``locator`` is visible.</doc>
<status status="PASS" starttime="20220208 22:26:10.656" endtime="20220208 22:26:10.687"/>
</kw>
<kw name="Select From List By Value" library="SeleniumLibrary">
<arg>id:sort-by</arg>
<arg>date-added</arg>
<doc>Selects options from selection list ``locator`` by ``values``.</doc>
<msg timestamp="20220208 22:26:10.691" level="INFO">Selecting options from selection list 'id:sort-by' by value date-added.</msg>
<status status="PASS" starttime="20220208 22:26:10.690" endtime="20220208 22:26:10.727"/>
</kw>
<kw name="Select From List By Value" library="SeleniumLibrary">
<arg>id:low-high-first</arg>
<arg>highest</arg>
<doc>Selects options from selection list ``locator`` by ``values``.</doc>
<msg timestamp="20220208 22:26:10.729" level="INFO">Selecting options from selection list 'id:low-high-first' by value highest.</msg>
<status status="PASS" starttime="20220208 22:26:10.728" endtime="20220208 22:26:10.818"/>
</kw>
<status status="PASS" starttime="20220208 22:26:10.655" endtime="20220208 22:26:10.819"/>
</test>
<test id="s1-s4-s1-t3" name="Test3">
<kw name="Wait Until Element Is Visible" library="SeleniumLibrary">
<arg>id:sort-by</arg>
<doc>Waits until the element ``locator`` is visible.</doc>
<status status="PASS" starttime="20220208 22:26:10.828" endtime="20220208 22:26:10.862"/>
</kw>
<kw name="Select From List By Value" library="SeleniumLibrary">
<arg>id:sort-by</arg>
<arg>availability</arg>
<doc>Selects options from selection list ``locator`` by ``values``.</doc>
<msg timestamp="20220208 22:26:10.863" level="INFO">Selecting options from selection list 'id:sort-by' by value availability.</msg>
<status status="PASS" starttime="20220208 22:26:10.863" endtime="20220208 22:26:10.938"/>
</kw>
<kw name="Select From List By Value" library="SeleniumLibrary">
<arg>id:low-high-first</arg>
<arg>lowest</arg>
<doc>Selects options from selection list ``locator`` by ``values``.</doc>
<msg timestamp="20220208 22:26:10.939" level="INFO">Selecting options from selection list 'id:low-high-first' by value lowest.</msg>
<status status="PASS" starttime="20220208 22:26:10.938" endtime="20220208 22:26:10.994"/>
</kw>
<status status="PASS" starttime="20220208 22:26:10.827" endtime="20220208 22:26:10.995"/>
</test>
<test id="s1-s4-s1-t4" name="Test4">
<kw name="Wait Until Element Is Visible" library="SeleniumLibrary">
<arg>id:sort-by</arg>
<doc>Waits until the element ``locator`` is visible.</doc>
<status status="PASS" starttime="20220208 22:26:11.000" endtime="20220208 22:26:11.023"/>
</kw>
<kw name="Select From List By Value" library="SeleniumLibrary">
<arg>id:sort-by</arg>
<arg>availability</arg>
<doc>Selects options from selection list ``locator`` by ``values``.</doc>
<msg timestamp="20220208 22:26:11.025" level="INFO">Selecting options from selection list 'id:sort-by' by value availability.</msg>
<status status="PASS" starttime="20220208 22:26:11.024" endtime="20220208 22:26:11.059"/>
</kw>
<kw name="Select From List By Value" library="SeleniumLibrary">
<arg>id:low-high-first</arg>
<arg>highest</arg>
<doc>Selects options from selection list ``locator`` by ``values``.</doc>
<msg timestamp="20220208 22:26:11.060" level="INFO">Selecting options from selection list 'id:low-high-first' by value highest.</msg>
<status status="PASS" starttime="20220208 22:26:11.060" endtime="20220208 22:26:11.108"/>
</kw>
<status status="PASS" starttime="20220208 22:26:10.998" endtime="20220208 22:26:11.109"/>
</test>
<test id="s1-s4-s1-t5" name="Test5">
<kw name="Wait Until Element Is Visible" library="SeleniumLibrary">
<arg>id:sort-by</arg>
<doc>Waits until the element ``locator`` is visible.</doc>
<status status="PASS" starttime="20220208 22:26:11.111" endtime="20220208 22:26:11.128"/>
</kw>
<kw name="Select From List By Value" library="SeleniumLibrary">
<arg>id:sort-by</arg>
<arg>price</arg>
<doc>Selects options from selection list ``locator`` by ``values``.</doc>
<msg timestamp="20220208 22:26:11.129" level="INFO">Selecting options from selection list 'id:sort-by' by value price.</msg>
<status status="PASS" starttime="20220208 22:26:11.128" endtime="20220208 22:26:11.191"/>
</kw>
<kw name="Select From List By Value" library="SeleniumLibrary">
<arg>id:low-high-first</arg>
<arg>highest</arg>
<doc>Selects options from selection list ``locator`` by ``values``.</doc>
<msg timestamp="20220208 22:26:11.192" level="INFO">Selecting options from selection list 'id:low-high-first' by value highest.</msg>
<status status="PASS" starttime="20220208 22:26:11.191" endtime="20220208 22:26:11.219"/>
</kw>
<status status="PASS" starttime="20220208 22:26:11.110" endtime="20220208 22:26:11.220"/>
</test>
<test id="s1-s4-s1-t6" name="Test6">
<kw name="Wait Until Element Is Visible" library="SeleniumLibrary">
<arg>id:sort-by</arg>
<doc>Waits until the element ``locator`` is visible.</doc>
<status status="PASS" starttime="20220208 22:26:11.221" endtime="20220208 22:26:11.237"/>
</kw>
<kw name="Select From List By Value" library="SeleniumLibrary">
<arg>id:sort-by</arg>
<arg>price</arg>
<doc>Selects options from selection list ``locator`` by ``values``.</doc>
<msg timestamp="20220208 22:26:11.238" level="INFO">Selecting options from selection list 'id:sort-by' by value price.</msg>
<status status="PASS" starttime="20220208 22:26:11.237" endtime="20220208 22:26:11.264"/>
</kw>
<kw name="Select From List By Value" library="SeleniumLibrary">
<arg>id:low-high-first</arg>
<arg>lowest</arg>
<doc>Selects options from selection list ``locator`` by ``values``.</doc>
<msg timestamp="20220208 22:26:11.265" level="INFO">Selecting options from selection list 'id:low-high-first' by value lowest.</msg>
<status status="PASS" starttime="20220208 22:26:11.265" endtime="20220208 22:26:11.310"/>
</kw>
<status status="PASS" starttime="20220208 22:26:11.221" endtime="20220208 22:26:11.310"/>
</test>
<test id="s1-s4-s1-t7" name="Test7">
<kw name="Wait Until Element Is Visible" library="SeleniumLibrary">
<arg>id:sort-by</arg>
<doc>Waits until the element ``locator`` is visible.</doc>
<status status="PASS" starttime="20220208 22:26:11.312" endtime="20220208 22:26:11.327"/>
</kw>
<kw name="Select From List By Value" library="SeleniumLibrary">
<arg>id:sort-by</arg>
<arg>floor-area</arg>
<doc>Selects options from selection list ``locator`` by ``values``.</doc>
<msg timestamp="20220208 22:26:11.329" level="INFO">Selecting options from selection list 'id:sort-by' by value floor-area.</msg>
<status status="PASS" starttime="20220208 22:26:11.328" endtime="20220208 22:26:11.389"/>
</kw>
<kw name="Select From List By Value" library="SeleniumLibrary">
<arg>id:low-high-first</arg>
<arg>highest</arg>
<doc>Selects options from selection list ``locator`` by ``values``.</doc>
<msg timestamp="20220208 22:26:11.390" level="INFO">Selecting options from selection list 'id:low-high-first' by value highest.</msg>
<status status="PASS" starttime="20220208 22:26:11.390" endtime="20220208 22:26:11.437"/>
</kw>
<status status="PASS" starttime="20220208 22:26:11.312" endtime="20220208 22:26:11.437"/>
</test>
<test id="s1-s4-s1-t8" name="Test8">
<kw name="Wait Until Element Is Visible" library="SeleniumLibrary">
<arg>id:sort-by</arg>
<doc>Waits until the element ``locator`` is visible.</doc>
<status status="PASS" starttime="20220208 22:26:11.439" endtime="20220208 22:26:11.456"/>
</kw>
<kw name="Select From List By Value" library="SeleniumLibrary">
<arg>id:sort-by</arg>
<arg>floor-area</arg>
<doc>Selects options from selection list ``locator`` by ``values``.</doc>
<msg timestamp="20220208 22:26:11.456" level="INFO">Selecting options from selection list 'id:sort-by' by value floor-area.</msg>
<status status="PASS" starttime="20220208 22:26:11.456" endtime="20220208 22:26:11.483"/>
</kw>
<kw name="Select From List By Value" library="SeleniumLibrary">
<arg>id:low-high-first</arg>
<arg>lowest</arg>
<doc>Selects options from selection list ``locator`` by ``values``.</doc>
<msg timestamp="20220208 22:26:11.484" level="INFO">Selecting options from selection list 'id:low-high-first' by value lowest.</msg>
<status status="PASS" starttime="20220208 22:26:11.483" endtime="20220208 22:26:11.533"/>
</kw>
<status status="PASS" starttime="20220208 22:26:11.438" endtime="20220208 22:26:11.534"/>
</test>
<test id="s1-s4-s1-t9" name="Test9">
<kw name="Wait Until Element Is Visible" library="SeleniumLibrary">
<arg>id:sort-by</arg>
<doc>Waits until the element ``locator`` is visible.</doc>
<status status="PASS" starttime="20220208 22:26:11.536" endtime="20220208 22:26:11.552"/>
</kw>
<kw name="Select From List By Value" library="SeleniumLibrary">
<arg>id:sort-by</arg>
<arg>lot-area</arg>
<doc>Selects options from selection list ``locator`` by ``values``.</doc>
<msg timestamp="20220208 22:26:11.553" level="INFO">Selecting options from selection list 'id:sort-by' by value lot-area.</msg>
<status status="PASS" starttime="20220208 22:26:11.553" endtime="20220208 22:26:11.621"/>
</kw>
<kw name="Select From List By Value" library="SeleniumLibrary">
<arg>id:low-high-first</arg>
<arg>highest</arg>
<doc>Selects options from selection list ``locator`` by ``values``.</doc>
<msg timestamp="20220208 22:26:11.622" level="INFO">Selecting options from selection list 'id:low-high-first' by value highest.</msg>
<status status="PASS" starttime="20220208 22:26:11.622" endtime="20220208 22:26:11.674"/>
</kw>
<status status="PASS" starttime="20220208 22:26:11.536" endtime="20220208 22:26:11.674"/>
</test>
<test id="s1-s4-s1-t10" name="Test10">
<kw name="Wait Until Element Is Visible" library="SeleniumLibrary">
<arg>id:sort-by</arg>
<doc>Waits until the element ``locator`` is visible.</doc>
<status status="PASS" starttime="20220208 22:26:11.676" endtime="20220208 22:26:11.703"/>
</kw>
<kw name="Select From List By Value" library="SeleniumLibrary">
<arg>id:sort-by</arg>
<arg>lot-area</arg>
<doc>Selects options from selection list ``locator`` by ``values``.</doc>
<msg timestamp="20220208 22:26:11.704" level="INFO">Selecting options from selection list 'id:sort-by' by value lot-area.</msg>
<status status="PASS" starttime="20220208 22:26:11.704" endtime="20220208 22:26:11.735"/>
</kw>
<kw name="Select From List By Value" library="SeleniumLibrary">
<arg>id:low-high-first</arg>
<arg>lowest</arg>
<doc>Selects options from selection list ``locator`` by ``values``.</doc>
<msg timestamp="20220208 22:26:11.737" level="INFO">Selecting options from selection list 'id:low-high-first' by value lowest.</msg>
<status status="PASS" starttime="20220208 22:26:11.737" endtime="20220208 22:26:11.792"/>
</kw>
<status status="PASS" starttime="20220208 22:26:11.675" endtime="20220208 22:26:11.792"/>
</test>
<kw name="Close Browser" library="SeleniumLibrary" type="TEARDOWN">
<doc>Closes the current browser.</doc>
<status status="PASS" starttime="20220208 22:26:11.794" endtime="20220208 22:26:13.945"/>
</kw>
<doc>04 - Properties Sort
As a customer, I want to be able to sort the properties by price, availability, date added, floor area, and lot area.

By Bryan Camarillo</doc>
<status status="PASS" starttime="20220208 22:24:51.554" endtime="20220208 22:26:13.945"/>
</suite>
<status status="PASS" starttime="20220208 22:24:51.551" endtime="20220208 22:26:13.948"/>
</suite>
<suite id="s1-s5" name="US 05" source="D:\Documents\AY2122\Term 1\STSWENG\buendia-estates-website\testing\US_05">
<suite id="s1-s5-s1" name="Us5" source="D:\Documents\AY2122\Term 1\STSWENG\buendia-estates-website\testing\US_05\us5.robot">
<kw name="Setup" type="SETUP">
<kw name="Open Browser" library="SeleniumLibrary">
<arg>https://buendia-estates-website.vercel.app/</arg>
<arg>chrome</arg>
<doc>Opens a new browser instance to the optional ``url``.</doc>
<msg timestamp="20220208 22:26:13.961" level="INFO">Opening browser 'chrome' to base url 'https://buendia-estates-website.vercel.app/'.</msg>
<status status="PASS" starttime="20220208 22:26:13.961" endtime="20220208 22:28:00.978"/>
</kw>
<kw name="Maximize Browser Window" library="SeleniumLibrary">
<doc>Maximizes current browser window.</doc>
<status status="PASS" starttime="20220208 22:28:00.978" endtime="20220208 22:28:01.095"/>
</kw>
<status status="PASS" starttime="20220208 22:26:13.961" endtime="20220208 22:28:01.095"/>
</kw>
<test id="s1-s5-s1-t1" name="Test1">
<kw name="Click Link" library="SeleniumLibrary">
<arg>link:Home</arg>
<doc>Clicks a link identified by ``locator``.</doc>
<msg timestamp="20220208 22:28:01.096" level="INFO">Clicking link 'link:Home'.</msg>
<status status="PASS" starttime="20220208 22:28:01.096" endtime="20220208 22:28:01.215"/>
</kw>
<kw name="Wait Until Element Is Visible" library="SeleniumLibrary">
<arg>xpath://*[@class='property-card']//*[text()='Alder Residences Taguig City']</arg>
<doc>Waits until the element ``locator`` is visible.</doc>
<status status="PASS" starttime="20220208 22:28:01.216" endtime="20220208 22:28:01.241"/>
</kw>
<kw name="Go To" library="SeleniumLibrary">
<arg>https://buendia-estates-website.vercel.app/properties/alder-residences-2-br</arg>
<doc>Navigates the current browser window to the provided ``url``.</doc>
<msg timestamp="20220208 22:28:01.241" level="INFO">Opening url 'https://buendia-estates-website.vercel.app/properties/alder-residences-2-br'</msg>
<status status="PASS" starttime="20220208 22:28:01.241" endtime="20220208 22:28:11.227"/>
</kw>
<kw name="Page Should Contain" library="SeleniumLibrary">
<arg>Home Features</arg>
<doc>Verifies that current page contains ``text``.</doc>
<msg timestamp="20220208 22:28:11.243" level="INFO">Current page contains text 'Home Features'.</msg>
<status status="PASS" starttime="20220208 22:28:11.228" endtime="20220208 22:28:11.243"/>
</kw>
<status status="PASS" starttime="20220208 22:28:01.095" endtime="20220208 22:28:11.243"/>
</test>
<test id="s1-s5-s1-t2" name="Test2">
<kw name="Click Link" library="SeleniumLibrary">
<arg>link:Properties</arg>
<doc>Clicks a link identified by ``locator``.</doc>
<msg timestamp="20220208 22:28:11.245" level="INFO">Clicking link 'link:Properties'.</msg>
<status status="PASS" starttime="20220208 22:28:11.245" endtime="20220208 22:28:11.373"/>
</kw>
<kw name="Wait Until Element Is Visible" library="SeleniumLibrary">
<arg>xpath://*[@class='property-card']//*[text()='Modern Townhouse in Taguig City']</arg>
<doc>Waits until the element ``locator`` is visible.</doc>
<status status="PASS" starttime="20220208 22:28:11.374" endtime="20220208 22:28:11.627"/>
</kw>
<kw name="Go To" library="SeleniumLibrary">
<arg>https://buendia-estates-website.vercel.app/properties/modern-townhouse-in-taguig-city</arg>
<doc>Navigates the current browser window to the provided ``url``.</doc>
<msg timestamp="20220208 22:28:11.627" level="INFO">Opening url 'https://buendia-estates-website.vercel.app/properties/modern-townhouse-in-taguig-city'</msg>
<status status="PASS" starttime="20220208 22:28:11.627" endtime="20220208 22:28:12.682"/>
</kw>
<kw name="Page Should Contain" library="SeleniumLibrary">
<arg>Home Features</arg>
<doc>Verifies that current page contains ``text``.</doc>
<msg timestamp="20220208 22:28:12.691" level="INFO">Current page contains text 'Home Features'.</msg>
<status status="PASS" starttime="20220208 22:28:12.682" endtime="20220208 22:28:12.691"/>
</kw>
<status status="PASS" starttime="20220208 22:28:11.244" endtime="20220208 22:28:12.692"/>
</test>
<test id="s1-s5-s1-t3" name="Test3">
<kw name="Go To" library="SeleniumLibrary">
<arg>https://buendia-estates-website.vercel.app/properties/cozy-house-in-mandaluyong-city</arg>
<doc>Navigates the current browser window to the provided ``url``.</doc>
<msg timestamp="20220208 22:28:12.694" level="INFO">Opening url 'https://buendia-estates-website.vercel.app/properties/cozy-house-in-mandaluyong-city'</msg>
<status status="PASS" starttime="20220208 22:28:12.693" endtime="20220208 22:28:13.901"/>
</kw>
<kw name="Sleep" library="BuiltIn">
<arg>5s</arg>
<doc>Pauses the test executed for the given time.</doc>
<msg timestamp="20220208 22:28:18.901" level="INFO">Slept 5 seconds</msg>
<status status="PASS" starttime="20220208 22:28:13.901" endtime="20220208 22:28:18.901"/>
</kw>
<kw name="Page Should Contain" library="SeleniumLibrary">
<arg>Home Features</arg>
<doc>Verifies that current page contains ``text``.</doc>
<msg timestamp="20220208 22:28:18.909" level="INFO">Current page contains text 'Home Features'.</msg>
<status status="PASS" starttime="20220208 22:28:18.901" endtime="20220208 22:28:18.909"/>
</kw>
<status status="PASS" starttime="20220208 22:28:12.693" endtime="20220208 22:28:18.910"/>
</test>
<kw name="Close Browser" library="SeleniumLibrary" type="TEARDOWN">
<doc>Closes the current browser.</doc>
<status status="PASS" starttime="20220208 22:28:18.911" endtime="20220208 22:28:21.098"/>
</kw>
<doc>05 - Properties Specific Page
As a customer, I want to be able to view specific property pages.

By Bryan Camarillo</doc>
<status status="PASS" starttime="20220208 22:26:13.955" endtime="20220208 22:28:21.098"/>
</suite>
<status status="PASS" starttime="20220208 22:26:13.950" endtime="20220208 22:28:21.102"/>
</suite>
<suite id="s1-s6" name="US 06" source="D:\Documents\AY2122\Term 1\STSWENG\buendia-estates-website\testing\US_06">
<suite id="s1-s6-s1" name="Us6" source="D:\Documents\AY2122\Term 1\STSWENG\buendia-estates-website\testing\US_06\us6.robot">
<kw name="Go Sell" type="SETUP">
<kw name="Open Browser" library="SeleniumLibrary">
<arg>https://buendia-estates-website.vercel.app/</arg>
<arg>chrome</arg>
<doc>Opens a new browser instance to the optional ``url``.</doc>
<msg timestamp="20220208 22:28:21.112" level="INFO">Opening browser 'chrome' to base url 'https://buendia-estates-website.vercel.app/'.</msg>
<status status="PASS" starttime="20220208 22:28:21.112" endtime="20220208 22:29:47.911"/>
</kw>
<kw name="Maximize Browser Window" library="SeleniumLibrary">
<doc>Maximizes current browser window.</doc>
<status status="PASS" starttime="20220208 22:29:47.911" endtime="20220208 22:29:48.032"/>
</kw>
<kw name="Click Link" library="SeleniumLibrary">
<arg>link:Sell a Property</arg>
<doc>Clicks a link identified by ``locator``.</doc>
<msg timestamp="20220208 22:29:48.032" level="INFO">Clicking link 'link:Sell a Property'.</msg>
<status status="PASS" starttime="20220208 22:29:48.032" endtime="20220208 22:29:48.214"/>
</kw>
<status status="PASS" starttime="20220208 22:28:21.112" endtime="20220208 22:29:48.214"/>
</kw>
<test id="s1-s6-s1-t1" name="Test1">
<kw name="Initialize">
<kw name="Input Text" library="SeleniumLibrary">
<arg>id:selling-price</arg>
<arg>100</arg>
<arg>clear=True</arg>
<doc>Types the given ``text`` into the text field identified by ``locator``.</doc>
<msg timestamp="20220208 22:29:48.216" level="INFO">Typing text '100' into text field 'id:selling-price'.</msg>
<kw name="Capture Page Screenshot" library="SeleniumLibrary">
<doc>Takes a screenshot of the current page and embeds it into a log file.</doc>
<msg timestamp="20220208 22:29:48.888" level="INFO" html="true">&lt;/td&gt;&lt;/tr&gt;&lt;tr&gt;&lt;td colspan="3"&gt;&lt;a href="selenium-screenshot-4.png"&gt;&lt;img src="selenium-screenshot-4.png" width="800px"&gt;&lt;/a&gt;</msg>
<status status="PASS" starttime="20220208 22:29:48.226" endtime="20220208 22:29:48.888"/>
</kw>
<msg timestamp="20220208 22:29:48.956" level="FAIL">Element with locator 'id:selling-price' not found.</msg>
<status status="FAIL" starttime="20220208 22:29:48.215" endtime="20220208 22:29:48.956"/>
</kw>
<kw name="Input Text" library="SeleniumLibrary">
<arg>id:street-address</arg>
<arg>Street</arg>
<arg>clear=True</arg>
<doc>Types the given ``text`` into the text field identified by ``locator``.</doc>
<status status="NOT RUN" starttime="20220208 22:29:48.956" endtime="20220208 22:29:48.956"/>
</kw>
<kw name="Input Text" library="SeleniumLibrary">
<arg>id:city</arg>
<arg>City</arg>
<arg>clear=True</arg>
<doc>Types the given ``text`` into the text field identified by ``locator``.</doc>
<status status="NOT RUN" starttime="20220208 22:29:48.956" endtime="20220208 22:29:48.956"/>
</kw>
<kw name="Input Text" library="SeleniumLibrary">
<arg>id:region</arg>
<arg>Region</arg>
<arg>clear=True</arg>
<doc>Types the given ``text`` into the text field identified by ``locator``.</doc>
<status status="NOT RUN" starttime="20220208 22:29:48.956" endtime="20220208 22:29:48.956"/>
</kw>
<kw name="Input Text" library="SeleniumLibrary">
<arg>id:zip-code</arg>
<arg>1000</arg>
<arg>clear=True</arg>
<doc>Types the given ``text`` into the text field identified by ``locator``.</doc>
<status status="NOT RUN" starttime="20220208 22:29:48.956" endtime="20220208 22:29:48.956"/>
</kw>
<kw name="Input Text" library="SeleniumLibrary">
<arg>id:maps-link</arg>
<arg>https://www.google.com/</arg>
<arg>clear=True</arg>
<doc>Types the given ``text`` into the text field identified by ``locator``.</doc>
<status status="NOT RUN" starttime="20220208 22:29:48.957" endtime="20220208 22:29:48.957"/>
</kw>
<kw name="Input Text" library="SeleniumLibrary">
<arg>id:floor-area</arg>
<arg>10</arg>
<arg>clear=True</arg>
<doc>Types the given ``text`` into the text field identified by ``locator``.</doc>
<status status="NOT RUN" starttime="20220208 22:29:48.957" endtime="20220208 22:29:48.957"/>
</kw>
<kw name="Input Text" library="SeleniumLibrary">
<arg>id:lot-area</arg>
<arg>10</arg>
<arg>clear=True</arg>
<doc>Types the given ``text`` into the text field identified by ``locator``.</doc>
<status status="NOT RUN" starttime="20220208 22:29:48.957" endtime="20220208 22:29:48.957"/>
</kw>
<kw name="Input Text" library="SeleniumLibrary">
<arg>id:bedrooms</arg>
<arg>2</arg>
<arg>clear=True</arg>
<doc>Types the given ``text`` into the text field identified by ``locator``.</doc>
<status status="NOT RUN" starttime="20220208 22:29:48.957" endtime="20220208 22:29:48.957"/>
</kw>
<kw name="Input Text" library="SeleniumLibrary">
<arg>id:toilet-and-bath</arg>
<arg>2</arg>
<arg>clear=True</arg>
<doc>Types the given ``text`` into the text field identified by ``locator``.</doc>
<status status="NOT RUN" starttime="20220208 22:29:48.957" endtime="20220208 22:29:48.957"/>
</kw>
<kw name="Input Text" library="SeleniumLibrary">
<arg>id:sellproperties_areaText1__qdj0R</arg>
<arg>None</arg>
<arg>clear=True</arg>
<doc>Types the given ``text`` into the text field identified by ``locator``.</doc>
<status status="NOT RUN" starttime="20220208 22:29:48.957" endtime="20220208 22:29:48.957"/>
</kw>
<kw name="Input Text" library="SeleniumLibrary">
<arg>id:property-age</arg>
<arg>2</arg>
<arg>clear=True</arg>
<doc>Types the given ``text`` into the text field identified by ``locator``.</doc>
<status status="NOT RUN" starttime="20220208 22:29:48.957" endtime="20220208 22:29:48.957"/>
</kw>
<kw name="Input Text" library="SeleniumLibrary">
<arg>id:inclusions</arg>
<arg>2</arg>
<arg>clear=True</arg>
<doc>Types the given ``text`` into the text field identified by ``locator``.</doc>
<status status="NOT RUN" starttime="20220208 22:29:48.957" endtime="20220208 22:29:48.957"/>
</kw>
<kw name="Select From List By Value" library="SeleniumLibrary">
<arg>id:title</arg>
<arg>tct</arg>
<doc>Selects options from selection list ``locator`` by ``values``.</doc>
<status status="NOT RUN" starttime="20220208 22:29:48.957" endtime="20220208 22:29:48.958"/>
</kw>
<kw name="Input Text" library="SeleniumLibrary">
<arg>id:title-status</arg>
<arg>None</arg>
<arg>clear=True</arg>
<doc>Types the given ``text`` into the text field identified by ``locator``.</doc>
<status status="NOT RUN" starttime="20220208 22:29:48.958" endtime="20220208 22:29:48.958"/>
</kw>
<kw name="Input Text" library="SeleniumLibrary">
<arg>id:brokers-fee</arg>
<arg>100</arg>
<arg>clear=True</arg>
<doc>Types the given ``text`` into the text field identified by ``locator``.</doc>
<status status="NOT RUN" starttime="20220208 22:29:48.958" endtime="20220208 22:29:48.958"/>
</kw>
<kw name="Input Text" library="SeleniumLibrary">
<arg>id:ownerfName</arg>
<arg>John</arg>
<arg>clear=True</arg>
<doc>Types the given ``text`` into the text field identified by ``locator``.</doc>
<status status="NOT RUN" starttime="20220208 22:29:48.958" endtime="20220208 22:29:48.958"/>
</kw>
<kw name="Input Text" library="SeleniumLibrary">
<arg>id:ownerlName</arg>
<arg>Doe</arg>
<arg>clear=True</arg>
<doc>Types the given ``text`` into the text field identified by ``locator``.</doc>
<status status="NOT RUN" starttime="20220208 22:29:48.958" endtime="20220208 22:29:48.958"/>
</kw>
<kw name="Input Text" library="SeleniumLibrary">
<arg>id:phone-num</arg>
<arg>+631234567890</arg>
<arg>clear=True</arg>
<doc>Types the given ``text`` into the text field identified by ``locator``.</doc>
<status status="NOT RUN" starttime="20220208 22:29:48.958" endtime="20220208 22:29:48.958"/>
</kw>
<kw name="Input Text" library="SeleniumLibrary">
<arg>id:email</arg>
<arg>johndoe@gmail.com</arg>
<arg>clear=True</arg>
<doc>Types the given ``text`` into the text field identified by ``locator``.</doc>
<status status="NOT RUN" starttime="20220208 22:29:48.958" endtime="20220208 22:29:48.958"/>
</kw>
<kw name="Input Text" library="SeleniumLibrary">
<arg>id:sellproperties_areaText2__AepD4</arg>
<arg>None</arg>
<arg>clear=True</arg>
<doc>Types the given ``text`` into the text field identified by ``locator``.</doc>
<status status="NOT RUN" starttime="20220208 22:29:48.959" endtime="20220208 22:29:48.959"/>
</kw>
<kw name="Choose File" library="SeleniumLibrary">
<arg>id:pictures</arg>
<arg>C:\\Users\\Bryan\\Documents\\College Files\\References\\Website\\buendia-estates-website</arg>
<doc>Inputs the ``file_path`` into the file input field ``locator``.</doc>
<status status="NOT RUN" starttime="20220208 22:29:48.959" endtime="20220208 22:29:48.959"/>
</kw>
<status status="FAIL" starttime="20220208 22:29:48.215" endtime="20220208 22:29:48.959"/>
</kw>
<kw name="Input Text" library="SeleniumLibrary">
<arg>id:selling-price</arg>
<arg>-1</arg>
<arg>clear=True</arg>
<doc>Types the given ``text`` into the text field identified by ``locator``.</doc>
[...]
<status status="PASS" starttime="20220208 22:31:55.130" endtime="20220208 22:31:55.241"/>
</kw>
<msg timestamp="20220208 22:31:55.242" level="FAIL">ElementClickInterceptedException: Message: element click intercepted: Element is not clickable at point (711, 1470)
  (Session info: chrome=97.0.4692.99)
</msg>
<status status="FAIL" starttime="20220208 22:31:54.059" endtime="20220208 22:31:55.242"/>
</kw>
<kw name="Page Should Not Contain" library="SeleniumLibrary">
<arg>Booking Placed</arg>
<doc>Verifies the current page does not contain ``text``.</doc>
<status status="NOT RUN" starttime="20220208 22:31:55.242" endtime="20220208 22:31:55.243"/>
</kw>
<status status="FAIL" starttime="20220208 22:31:34.321" endtime="20220208 22:31:55.243">ElementClickInterceptedException: Message: element click intercepted: Element is not clickable at point (711, 1470)
  (Session info: chrome=97.0.4692.99)
</status>
</test>
<test id="s1-s7-s1-t2" name="Test2">
<kw name="Press Keys" library="SeleniumLibrary">
<arg>id:prefPropType</arg>
<arg>Condominium</arg>
<doc>Simulates the user pressing key(s) to an element or on the active browser.</doc>
<msg timestamp="20220208 22:31:55.245" level="INFO">Sending key(s) ('Condominium',) to id:prefPropType element.</msg>
<msg timestamp="20220208 22:31:55.531" level="INFO">Sending keys Condominium</msg>
<status status="PASS" starttime="20220208 22:31:55.245" endtime="20220208 22:31:55.590"/>
</kw>
<kw name="Press Keys" library="SeleniumLibrary">
<arg>id:yourName</arg>
<arg>John Doe</arg>
<doc>Simulates the user pressing key(s) to an element or on the active browser.</doc>
<msg timestamp="20220208 22:31:55.591" level="INFO">Sending key(s) ('John Doe',) to id:yourName element.</msg>
<msg timestamp="20220208 22:31:55.880" level="INFO">Sending keys John Doe</msg>
<status status="PASS" starttime="20220208 22:31:55.590" endtime="20220208 22:31:55.971"/>
</kw>
<kw name="Press Keys" library="SeleniumLibrary">
<arg>id:firstName</arg>
<arg>notjohndoe</arg>
<doc>Simulates the user pressing key(s) to an element or on the active browser.</doc>
<msg timestamp="20220208 22:31:55.972" level="INFO">Sending key(s) ('notjohndoe',) to id:firstName element.</msg>
<msg timestamp="20220208 22:31:56.252" level="INFO">Sending keys notjohndoe</msg>
<status status="PASS" starttime="20220208 22:31:55.971" endtime="20220208 22:31:56.320"/>
</kw>
<kw name="Press Keys" library="SeleniumLibrary">
<arg>id:lastName</arg>
<arg>johndoe</arg>
<doc>Simulates the user pressing key(s) to an element or on the active browser.</doc>
<msg timestamp="20220208 22:31:56.321" level="INFO">Sending key(s) ('johndoe',) to id:lastName element.</msg>
<msg timestamp="20220208 22:31:56.619" level="INFO">Sending keys johndoe</msg>
<status status="PASS" starttime="20220208 22:31:56.320" endtime="20220208 22:31:56.699"/>
</kw>
<kw name="Press Keys" library="SeleniumLibrary">
<arg>id:Age</arg>
<arg>21</arg>
<doc>Simulates the user pressing key(s) to an element or on the active browser.</doc>
<msg timestamp="20220208 22:31:56.700" level="INFO">Sending key(s) ('21',) to id:Age element.</msg>
<msg timestamp="20220208 22:31:57.001" level="INFO">Sending keys 21</msg>
<status status="PASS" starttime="20220208 22:31:56.699" endtime="20220208 22:31:57.014"/>
</kw>
<kw name="Press Keys" library="SeleniumLibrary">
<arg>id:Gender</arg>
<arg>Male</arg>
<doc>Simulates the user pressing key(s) to an element or on the active browser.</doc>
<msg timestamp="20220208 22:31:57.015" level="INFO">Sending key(s) ('Male',) to id:Gender element.</msg>
<msg timestamp="20220208 22:31:57.320" level="INFO">Sending keys Male</msg>
<status status="PASS" starttime="20220208 22:31:57.015" endtime="20220208 22:31:57.346"/>
</kw>
<kw name="Press Keys" library="SeleniumLibrary">
<arg>id:Occupation</arg>
<arg>Architect</arg>
<doc>Simulates the user pressing key(s) to an element or on the active browser.</doc>
<msg timestamp="20220208 22:31:57.347" level="INFO">Sending key(s) ('Architect',) to id:Occupation element.</msg>
<msg timestamp="20220208 22:31:57.641" level="INFO">Sending keys Architect</msg>
<status status="PASS" starttime="20220208 22:31:57.347" endtime="20220208 22:31:57.705"/>
</kw>
<kw name="Press Keys" library="SeleniumLibrary">
<arg>id:prefSched</arg>
<arg>03032022</arg>
<doc>Simulates the user pressing key(s) to an element or on the active browser.</doc>
<msg timestamp="20220208 22:31:57.707" level="INFO">Sending key(s) ('03032022',) to id:prefSched element.</msg>
<msg timestamp="20220208 22:31:57.992" level="INFO">Sending keys 03032022</msg>
<status status="PASS" starttime="20220208 22:31:57.706" endtime="20220208 22:31:58.018"/>
</kw>
<kw name="Press Keys" library="SeleniumLibrary">
<arg>id:addNotes</arg>
<arg>N/A</arg>
<doc>Simulates the user pressing key(s) to an element or on the active browser.</doc>
<msg timestamp="20220208 22:31:58.019" level="INFO">Sending key(s) ('N/A',) to id:addNotes element.</msg>
<msg timestamp="20220208 22:31:58.309" level="INFO">Sending keys N/A</msg>
<status status="PASS" starttime="20220208 22:31:58.019" endtime="20220208 22:31:58.327"/>
</kw>
<kw name="Click Button" library="SeleniumLibrary">
<arg>xpath://*[text()='Submit Booking']</arg>
<doc>Clicks the button identified by ``locator``.</doc>
<msg timestamp="20220208 22:31:58.328" level="INFO">Clicking button 'xpath://*[text()='Submit Booking']'.</msg>
<status status="PASS" starttime="20220208 22:31:58.327" endtime="20220208 22:31:58.414"/>
</kw>
<kw name="Page Should Not Contain" library="SeleniumLibrary">
<arg>Booking Placed</arg>
<doc>Verifies the current page does not contain ``text``.</doc>
<msg timestamp="20220208 22:31:58.471" level="INFO">Current page does not contain text 'Booking Placed'.</msg>
<status status="PASS" starttime="20220208 22:31:58.416" endtime="20220208 22:31:58.471"/>
</kw>
<status status="PASS" starttime="20220208 22:31:55.244" endtime="20220208 22:31:58.472"/>
</test>
<test id="s1-s7-s1-t3" name="Test3">
<kw name="Clear Element Text" library="SeleniumLibrary">
<arg>id:lastName</arg>
<doc>Clears the value of the text-input-element identified by ``locator``.</doc>
<status status="PASS" starttime="20220208 22:31:58.475" endtime="20220208 22:31:58.608"/>
</kw>
<kw name="Press Keys" library="SeleniumLibrary">
<arg>id:lastName</arg>
<arg>johndoe@gmail.com</arg>
<doc>Simulates the user pressing key(s) to an element or on the active browser.</doc>
<msg timestamp="20220208 22:31:58.609" level="INFO">Sending key(s) ('johndoe@gmail.com',) to id:lastName element.</msg>
<msg timestamp="20220208 22:31:58.904" level="INFO">Sending keys johndoe@gmail.com</msg>
<status status="PASS" starttime="20220208 22:31:58.609" endtime="20220208 22:31:58.998"/>
</kw>
<kw name="Press Keys" library="SeleniumLibrary">
<arg>id:prefSched</arg>
<arg>01012022</arg>
<doc>Simulates the user pressing key(s) to an element or on the active browser.</doc>
<msg timestamp="20220208 22:31:58.999" level="INFO">Sending key(s) ('01012022',) to id:prefSched element.</msg>
<msg timestamp="20220208 22:31:59.278" level="INFO">Sending keys 01012022</msg>
<status status="PASS" starttime="20220208 22:31:58.998" endtime="20220208 22:31:59.293"/>
</kw>
<kw name="Click Button" library="SeleniumLibrary">
<arg>xpath://*[text()='Submit Booking']</arg>
<doc>Clicks the button identified by ``locator``.</doc>
<msg timestamp="20220208 22:31:59.294" level="INFO">Clicking button 'xpath://*[text()='Submit Booking']'.</msg>
<status status="PASS" starttime="20220208 22:31:59.294" endtime="20220208 22:31:59.339"/>
</kw>
<kw name="Page Should Not Contain" library="SeleniumLibrary">
<arg>Booking Placed</arg>
<doc>Verifies the current page does not contain ``text``.</doc>
<msg timestamp="20220208 22:31:59.359" level="INFO">Current page does not contain text 'Booking Placed'.</msg>
<status status="PASS" starttime="20220208 22:31:59.339" endtime="20220208 22:31:59.359"/>
</kw>
<status status="PASS" starttime="20220208 22:31:58.474" endtime="20220208 22:31:59.360"/>
</test>
<test id="s1-s7-s1-t4" name="Test4">
<kw name="Sleep" library="BuiltIn">
<arg>10s</arg>
<doc>Pauses the test executed for the given time.</doc>
<msg timestamp="20220208 22:32:09.364" level="INFO">Slept 10 seconds</msg>
<status status="PASS" starttime="20220208 22:31:59.363" endtime="20220208 22:32:09.364"/>
</kw>
<kw name="Press Keys" library="SeleniumLibrary">
<arg>id:prefLocation</arg>
<arg>Pasay City</arg>
<doc>Simulates the user pressing key(s) to an element or on the active browser.</doc>
<msg timestamp="20220208 22:32:09.365" level="INFO">Sending key(s) ('Pasay City',) to id:prefLocation element.</msg>
<kw name="Capture Page Screenshot" library="SeleniumLibrary">
<doc>Takes a screenshot of the current page and embeds it into a log file.</doc>
<msg timestamp="20220208 22:32:09.501" level="INFO" html="true">&lt;/td&gt;&lt;/tr&gt;&lt;tr&gt;&lt;td colspan="3"&gt;&lt;a href="selenium-screenshot-21.png"&gt;&lt;img src="selenium-screenshot-21.png" width="800px"&gt;&lt;/a&gt;</msg>
<status status="PASS" starttime="20220208 22:32:09.384" endtime="20220208 22:32:09.501"/>
</kw>
<msg timestamp="20220208 22:32:09.546" level="FAIL">MoveTargetOutOfBoundsException: Message: move target out of bounds
  (Session info: chrome=97.0.4692.99)
</msg>
<status status="FAIL" starttime="20220208 22:32:09.364" endtime="20220208 22:32:09.546"/>
</kw>
<kw name="Press Keys" library="SeleniumLibrary">
<arg>id:prefPropType</arg>
<arg>Condominium</arg>
<doc>Simulates the user pressing key(s) to an element or on the active browser.</doc>
<status status="NOT RUN" starttime="20220208 22:32:09.547" endtime="20220208 22:32:09.547"/>
</kw>
<kw name="Press Keys" library="SeleniumLibrary">
<arg>id:yourName</arg>
<arg>John Doe</arg>
<doc>Simulates the user pressing key(s) to an element or on the active browser.</doc>
<status status="NOT RUN" starttime="20220208 22:32:09.547" endtime="20220208 22:32:09.547"/>
</kw>
<kw name="Press Keys" library="SeleniumLibrary">
<arg>id:firstName</arg>
<arg>notjohndoe</arg>
<doc>Simulates the user pressing key(s) to an element or on the active browser.</doc>
<status status="NOT RUN" starttime="20220208 22:32:09.548" endtime="20220208 22:32:09.548"/>
</kw>
<kw name="Press Keys" library="SeleniumLibrary">
<arg>id:lastName</arg>
<arg>johndoe</arg>
<doc>Simulates the user pressing key(s) to an element or on the active browser.</doc>
<status status="NOT RUN" starttime="20220208 22:32:09.548" endtime="20220208 22:32:09.548"/>
</kw>
<kw name="Press Keys" library="SeleniumLibrary">
<arg>id:Gender</arg>
<arg>Male</arg>
<doc>Simulates the user pressing key(s) to an element or on the active browser.</doc>
<status status="NOT RUN" starttime="20220208 22:32:09.548" endtime="20220208 22:32:09.548"/>
</kw>
<kw name="Press Keys" library="SeleniumLibrary">
<arg>id:Occupation</arg>
<arg>Architect</arg>
<doc>Simulates the user pressing key(s) to an element or on the active browser.</doc>
<status status="NOT RUN" starttime="20220208 22:32:09.549" endtime="20220208 22:32:09.549"/>
</kw>
<kw name="Press Keys" library="SeleniumLibrary">
<arg>id:prefSched</arg>
<arg>03032022</arg>
<doc>Simulates the user pressing key(s) to an element or on the active browser.</doc>
<status status="NOT RUN" starttime="20220208 22:32:09.549" endtime="20220208 22:32:09.549"/>
</kw>
<kw name="Press Keys" library="SeleniumLibrary">
<arg>id:addNotes</arg>
<arg>N/A</arg>
<doc>Simulates the user pressing key(s) to an element or on the active browser.</doc>
<status status="NOT RUN" starttime="20220208 22:32:09.549" endtime="20220208 22:32:09.549"/>
</kw>
<kw name="Clear Element Text" library="SeleniumLibrary">
<arg>id:Age</arg>
<doc>Clears the value of the text-input-element identified by ``locator``.</doc>
<status status="NOT RUN" starttime="20220208 22:32:09.550" endtime="20220208 22:32:09.550"/>
</kw>
<kw name="Press Keys" library="SeleniumLibrary">
<arg>id:Age</arg>
<arg>-1</arg>
<doc>Simulates the user pressing key(s) to an element or on the active browser.</doc>
<status status="NOT RUN" starttime="20220208 22:32:09.550" endtime="20220208 22:32:09.550"/>
</kw>
<kw name="Click Button" library="SeleniumLibrary">
<arg>xpath://*[text()='Submit Booking']</arg>
<doc>Clicks the button identified by ``locator``.</doc>
<status status="NOT RUN" starttime="20220208 22:32:09.550" endtime="20220208 22:32:09.550"/>
</kw>
<kw name="Page Should Not Contain" library="SeleniumLibrary">
<arg>Booking Placed</arg>
<doc>Verifies the current page does not contain ``text``.</doc>
<status status="NOT RUN" starttime="20220208 22:32:09.550" endtime="20220208 22:32:09.550"/>
</kw>
<status status="FAIL" starttime="20220208 22:31:59.363" endtime="20220208 22:32:09.551">MoveTargetOutOfBoundsException: Message: move target out of bounds
  (Session info: chrome=97.0.4692.99)
</status>
</test>
<test id="s1-s7-s1-t5" name="Test5">
<kw name="Sleep" library="BuiltIn">
<arg>3s</arg>
<doc>Pauses the test executed for the given time.</doc>
<msg timestamp="20220208 22:32:12.554" level="INFO">Slept 3 seconds</msg>
<status status="PASS" starttime="20220208 22:32:09.553" endtime="20220208 22:32:12.554"/>
</kw>
<kw name="Clear Element Text" library="SeleniumLibrary">
<arg>id:Age</arg>
<doc>Clears the value of the text-input-element identified by ``locator``.</doc>
<status status="PASS" starttime="20220208 22:32:12.554" endtime="20220208 22:32:12.594"/>
</kw>
<kw name="Press Keys" library="SeleniumLibrary">
<arg>id:Age</arg>
<arg>0</arg>
<doc>Simulates the user pressing key(s) to an element or on the active browser.</doc>
<msg timestamp="20220208 22:32:12.595" level="INFO">Sending key(s) ('0',) to id:Age element.</msg>
<kw name="Capture Page Screenshot" library="SeleniumLibrary">
<doc>Takes a screenshot of the current page and embeds it into a log file.</doc>
<msg timestamp="20220208 22:32:12.957" level="INFO" html="true">&lt;/td&gt;&lt;/tr&gt;&lt;tr&gt;&lt;td colspan="3"&gt;&lt;a href="selenium-screenshot-22.png"&gt;&lt;img src="selenium-screenshot-22.png" width="800px"&gt;&lt;/a&gt;</msg>
<status status="PASS" starttime="20220208 22:32:12.607" endtime="20220208 22:32:12.957"/>
</kw>
<msg timestamp="20220208 22:32:12.958" level="FAIL">MoveTargetOutOfBoundsException: Message: move target out of bounds
  (Session info: chrome=97.0.4692.99)
</msg>
<status status="FAIL" starttime="20220208 22:32:12.594" endtime="20220208 22:32:12.958"/>
</kw>
<kw name="Click Button" library="SeleniumLibrary">
<arg>xpath://*[text()='Submit Booking']</arg>
<doc>Clicks the button identified by ``locator``.</doc>
<status status="NOT RUN" starttime="20220208 22:32:12.959" endtime="20220208 22:32:12.959"/>
</kw>
<kw name="Page Should Not Contain" library="SeleniumLibrary">
<arg>Booking Placed</arg>
<doc>Verifies the current page does not contain ``text``.</doc>
<status status="NOT RUN" starttime="20220208 22:32:12.959" endtime="20220208 22:32:12.960"/>
</kw>
<status status="FAIL" starttime="20220208 22:32:09.553" endtime="20220208 22:32:12.960">MoveTargetOutOfBoundsException: Message: move target out of bounds
  (Session info: chrome=97.0.4692.99)
</status>
</test>
<kw name="Close Browser" library="SeleniumLibrary" type="TEARDOWN">
<doc>Closes the current browser.</doc>
<status status="PASS" starttime="20220208 22:32:12.963" endtime="20220208 22:32:15.159"/>
</kw>
<doc>07 - Book a Viewing
As a customer, I want to be able to book a viewing.

By Bryan Camarillo</doc>
<status status="FAIL" starttime="20220208 22:30:11.799" endtime="20220208 22:32:15.159"/>
</suite>
<status status="FAIL" starttime="20220208 22:30:11.796" endtime="20220208 22:32:15.163"/>
</suite>
<suite id="s1-s8" name="US 08" source="D:\Documents\AY2122\Term 1\STSWENG\buendia-estates-website\testing\US_08">
<suite id="s1-s8-s1" name="Us8" source="D:\Documents\AY2122\Term 1\STSWENG\buendia-estates-website\testing\US_08\us8.robot">
<kw name="Go Home" type="SETUP">
<kw name="Open Browser" library="SeleniumLibrary">
<arg>https://buendia-estates-website.vercel.app/</arg>
<arg>chrome</arg>
<doc>Opens a new browser instance to the optional ``url``.</doc>
<msg timestamp="20220208 22:32:15.177" level="INFO">Opening browser 'chrome' to base url 'https://buendia-estates-website.vercel.app/'.</msg>
<status status="PASS" starttime="20220208 22:32:15.176" endtime="20220208 22:33:41.301"/>
</kw>
<kw name="Maximize Browser Window" library="SeleniumLibrary">
<doc>Maximizes current browser window.</doc>
<status status="PASS" starttime="20220208 22:33:41.301" endtime="20220208 22:33:41.422"/>
</kw>
<status status="PASS" starttime="20220208 22:32:15.176" endtime="20220208 22:33:41.422"/>
</kw>
<test id="s1-s8-s1-t1" name="Test1">
<kw name="Click Link" library="SeleniumLibrary">
<arg>link:Home</arg>
<doc>Clicks a link identified by ``locator``.</doc>
<msg timestamp="20220208 22:33:41.424" level="INFO">Clicking link 'link:Home'.</msg>
<status status="PASS" starttime="20220208 22:33:41.423" endtime="20220208 22:33:41.534"/>
</kw>
<kw name="Page Should Contain" library="SeleniumLibrary">
<arg>lourdene_buendia@yahoo.com</arg>
<doc>Verifies that current page contains ``text``.</doc>
<msg timestamp="20220208 22:33:41.555" level="INFO">Current page contains text 'lourdene_buendia@yahoo.com'.</msg>
<status status="PASS" starttime="20220208 22:33:41.535" endtime="20220208 22:33:41.555"/>
</kw>
<kw name="Page Should Contain" library="SeleniumLibrary">
<arg>0918 337 1307</arg>
<doc>Verifies that current page contains ``text``.</doc>
<msg timestamp="20220208 22:33:41.569" level="INFO">Current page contains text '0918 337 1307'.</msg>
<status status="PASS" starttime="20220208 22:33:41.555" endtime="20220208 22:33:41.569"/>
</kw>
<status status="PASS" starttime="20220208 22:33:41.423" endtime="20220208 22:33:41.569"/>
</test>
<kw name="Close Browser" library="SeleniumLibrary" type="TEARDOWN">
<doc>Closes the current browser.</doc>
<status status="PASS" starttime="20220208 22:33:41.571" endtime="20220208 22:33:43.738"/>
</kw>
<doc>08 - Contact Details
As a customer, I want to be able to see the contact details of the company

By Bryan Camarillo</doc>
<status status="PASS" starttime="20220208 22:32:15.170" endtime="20220208 22:33:43.738"/>
</suite>
<status status="PASS" starttime="20220208 22:32:15.165" endtime="20220208 22:33:43.740"/>
</suite>
<status status="FAIL" starttime="20220208 22:20:09.032" endtime="20220208 22:33:43.744"/>
</suite>
<statistics>
<total>
<stat pass="31" fail="22" skip="0">All Tests</stat>
</total>
<tag>
</tag>
<suite>
<stat pass="31" fail="22" skip="0" id="s1" name="Testing">Testing</stat>
<stat pass="1" fail="0" skip="0" id="s1-s1" name="US 01">Testing.US 01</stat>
<stat pass="1" fail="0" skip="0" id="s1-s1-s1" name="Us1">Testing.US 01.Us1</stat>
<stat pass="1" fail="0" skip="0" id="s1-s2" name="US 02">Testing.US 02</stat>
<stat pass="1" fail="0" skip="0" id="s1-s2-s1" name="Us2">Testing.US 02.Us2</stat>
<stat pass="13" fail="3" skip="0" id="s1-s3" name="US 03">Testing.US 03</stat>
<stat pass="13" fail="3" skip="0" id="s1-s3-s1" name="Us3">Testing.US 03.Us3</stat>
<stat pass="10" fail="0" skip="0" id="s1-s4" name="US 04">Testing.US 04</stat>
<stat pass="10" fail="0" skip="0" id="s1-s4-s1" name="Us4">Testing.US 04.Us4</stat>
<stat pass="3" fail="0" skip="0" id="s1-s5" name="US 05">Testing.US 05</stat>
<stat pass="3" fail="0" skip="0" id="s1-s5-s1" name="Us5">Testing.US 05.Us5</stat>
<stat pass="0" fail="16" skip="0" id="s1-s6" name="US 06">Testing.US 06</stat>
<stat pass="0" fail="16" skip="0" id="s1-s6-s1" name="Us6">Testing.US 06.Us6</stat>
<stat pass="2" fail="3" skip="0" id="s1-s7" name="US 07">Testing.US 07</stat>
<stat pass="2" fail="3" skip="0" id="s1-s7-s1" name="Us7">Testing.US 07.Us7</stat>
<stat pass="1" fail="0" skip="0" id="s1-s8" name="US 08">Testing.US 08</stat>
<stat pass="1" fail="0" skip="0" id="s1-s8-s1" name="Us8">Testing.US 08.Us8</stat>
</suite>
</statistics>
<errors>
</errors>
</robot>
