<?xml version="1.0" encoding="UTF-8"?>
<robot generator="Robot 4.1.3 (Python 3.7.4 on win32)" generated="20220208 22:14:19.877" rpa="false" schemaversion="2">
<suite id="s1" name="Testing" source="C:\Users\Bryan\Documents\College Files\References\Website\buendia-estates-website\testing">
<suite id="s1-s1" name="US 06" source="C:\Users\Bryan\Documents\College Files\References\Website\buendia-estates-website\testing\US_06">
<suite id="s1-s1-s1" name="Us6" source="C:\Users\Bryan\Documents\College Files\References\Website\buendia-estates-website\testing\US_06\us6.robot">
<kw name="Go Sell" type="SETUP">
<kw name="Open Browser" library="SeleniumLibrary">
<arg>https://buendia-estates-website.vercel.app/</arg>
<arg>chrome</arg>
<doc>Opens a new browser instance to the optional ``url``.</doc>
<msg timestamp="20220208 22:14:20.174" level="INFO">Opening browser 'chrome' to base url 'https://buendia-estates-website.vercel.app/'.</msg>
<status status="PASS" starttime="20220208 22:14:20.174" endtime="20220208 22:15:51.304"/>
</kw>
<kw name="Maximize Browser Window" library="SeleniumLibrary">
<doc>Maximizes current browser window.</doc>
<msg timestamp="20220208 22:15:51.309" level="WARN">Keyword 'Capture Page Screenshot' could not be run on failure: Message: no such window: target window already closed
from unknown error: web view not found
  (Session info: chrome=97.0.4692.99)
Stacktrace:
Backtrace:
	Ordinal0 [0x004BFDC3+2555331]
	Ordinal0 [0x004577F1+2127857]
	Ordinal0 [0x00352E08+1060360]
	Ordinal0 [0x0033C270+967280]
	Ordinal0 [0x0039A119+1351961]
	Ordinal0 [0x003A6D82+1404290]
	Ordinal0 [0x00397976+1341814]
	Ordinal0 [0x003736B6+1193654]
	Ordinal0 [0x00374546+1197382]
	GetHandleVerifier [0x00659622+1619522]
	GetHandleVerifier [0x0070882C+2336844]
	GetHandleVerifier [0x005523E1+541697]
	GetHandleVerifier [0x00551443+537699]
	Ordinal0 [0x0045D18E+2150798]
	Ordinal0 [0x00461518+2168088]
	Ordinal0 [0x00461660+2168416]
	Ordinal0 [0x0046B330+2208560]
	BaseThreadInitThunk [0x768CFA29+25]
	RtlGetAppContainerNamedObjectPath [0x77567A9E+286]
	RtlGetAppContainerNamedObjectPath [0x77567A6E+238]
</msg>
<msg timestamp="20220208 22:15:51.317" level="FAIL">NoSuchWindowException: Message: no such window: target window already closed
from unknown error: web view not found
  (Session info: chrome=97.0.4692.99)
Stacktrace:
Backtrace:
	Ordinal0 [0x004BFDC3+2555331]
	Ordinal0 [0x004577F1+2127857]
	Ordinal0 [0x00352E08+1060360]
	Ordinal0 [0x0033C270+967280]
	Ordinal0 [0x0039A119+1351961]
	Ordinal0 [0x003A6D82+1404290]
	Ordinal0 [0x00397976+1341814]
	Ordinal0 [0x003736B6+1193654]
	Ordinal0 [0x00374546+1197382]
	GetHandleVerifier [0x00659622+1619522]
	GetHandleVerifier [0x0070882C+2336844]
	GetHandleVerifier [0x005523E1+541697]
	GetHandleVerifier [0x00551443+537699]
	Ordinal0 [0x0045D18E+2150798]
	Ordinal0 [0x00461518+2168088]
	Ordinal0 [0x00461660+2168416]
	Ordinal0 [0x0046B330+2208560]
	BaseThreadInitThunk [0x768CFA29+25]
	RtlGetAppContainerNamedObjectPath [0x77567A9E+286]
	RtlGetAppContainerNamedObjectPath [0x77567A6E+238]
</msg>
<status status="FAIL" starttime="20220208 22:15:51.304" endtime="20220208 22:15:51.317"/>
</kw>
<kw name="Click Link" library="SeleniumLibrary">
<arg>link:Sell a Property</arg>
<doc>Clicks a link identified by ``locator``.</doc>
<status status="NOT RUN" starttime="20220208 22:15:51.318" endtime="20220208 22:15:51.318"/>
</kw>
<status status="FAIL" starttime="20220208 22:14:20.173" endtime="20220208 22:15:51.318"/>
</kw>
<test id="s1-s1-s1-t1" name="Test1">
<status status="FAIL" starttime="20220208 22:15:51.319" endtime="20220208 22:15:51.320">Parent suite setup failed:
NoSuchWindowException: Message: no such window: target window already closed
from unknown error: web view not found
  (Session info: chrome=97.0.4692.99)
Stacktrace:
Backtrace:
	Ordinal0 [0x004BFDC3+2555331]
	Ordinal0 [0x004577F1+2127857]
	Ordinal0 [0x00352E08+1060360]
	Ordinal0 [0x0033C270+967280]
	Ordinal0 [0x0039A119+1351961]
	Ordinal0 [0x003A6D82+1404290]
	Ordinal0 [0x00397976+1341814]
	Ordinal0 [0x003736B6+1193654]
	Ordinal0 [0x00374546+1197382]
	GetHandleVerifier [0x00659622+1619522]
	GetHandleVerifier [0x0070882C+2336844]
	GetHandleVerifier [0x005523E1+541697]
	GetHandleVerifier [0x00551443+537699]
	Ordinal0 [0x0045D18E+2150798]
	Ordinal0 [0x00461518+2168088]
	Ordinal0 [0x00461660+2168416]
	Ordinal0 [0x0046B330+2208560]
	BaseThreadInitThunk [0x768CFA29+25]
	RtlGetAppContainerNamedObjectPath [0x77567A9E+286]
	RtlGetAppContainerNamedObjectPath [0x77567A6E+238]
</status>
</test>
<test id="s1-s1-s1-t2" name="Test2">
<status status="FAIL" starttime="20220208 22:15:51.326" endtime="20220208 22:15:51.328">Parent suite setup failed:
NoSuchWindowException: Message: no such window: target window already closed
from unknown error: web view not found
  (Session info: chrome=97.0.4692.99)
Stacktrace:
Backtrace:
	Ordinal0 [0x004BFDC3+2555331]
	Ordinal0 [0x004577F1+2127857]
	Ordinal0 [0x00352E08+1060360]
	Ordinal0 [0x0033C270+967280]
	Ordinal0 [0x0039A119+1351961]
	Ordinal0 [0x003A6D82+1404290]
	Ordinal0 [0x00397976+1341814]
	Ordinal0 [0x003736B6+1193654]
	Ordinal0 [0x00374546+1197382]
	GetHandleVerifier [0x00659622+1619522]
	GetHandleVerifier [0x0070882C+2336844]
	GetHandleVerifier [0x005523E1+541697]
	GetHandleVerifier [0x00551443+537699]
	Ordinal0 [0x0045D18E+2150798]
	Ordinal0 [0x00461518+2168088]
	Ordinal0 [0x00461660+2168416]
	Ordinal0 [0x0046B330+2208560]
	BaseThreadInitThunk [0x768CFA29+25]
	RtlGetAppContainerNamedObjectPath [0x77567A9E+286]
	RtlGetAppContainerNamedObjectPath [0x77567A6E+238]
</status>
</test>
<test id="s1-s1-s1-t3" name="Test3">
<status status="FAIL" starttime="20220208 22:15:51.336" endtime="20220208 22:15:51.338">Parent suite setup failed:
NoSuchWindowException: Message: no such window: target window already closed
from unknown error: web view not found
  (Session info: chrome=97.0.4692.99)
Stacktrace:
Backtrace:
	Ordinal0 [0x004BFDC3+2555331]
	Ordinal0 [0x004577F1+2127857]
	Ordinal0 [0x00352E08+1060360]
	Ordinal0 [0x0033C270+967280]
	Ordinal0 [0x0039A119+1351961]
	Ordinal0 [0x003A6D82+1404290]
	Ordinal0 [0x00397976+1341814]
	Ordinal0 [0x003736B6+1193654]
	Ordinal0 [0x00374546+1197382]
	GetHandleVerifier [0x00659622+1619522]
	GetHandleVerifier [0x0070882C+2336844]
	GetHandleVerifier [0x005523E1+541697]
	GetHandleVerifier [0x00551443+537699]
	Ordinal0 [0x0045D18E+2150798]
	Ordinal0 [0x00461518+2168088]
	Ordinal0 [0x00461660+2168416]
	Ordinal0 [0x0046B330+2208560]
	BaseThreadInitThunk [0x768CFA29+25]
	RtlGetAppContainerNamedObjectPath [0x77567A9E+286]
	RtlGetAppContainerNamedObjectPath [0x77567A6E+238]
</status>
</test>
<test id="s1-s1-s1-t4" name="Test4">
<status status="FAIL" starttime="20220208 22:15:51.345" endtime="20220208 22:15:51.346">Parent suite setup failed:
NoSuchWindowException: Message: no such window: target window already closed
from unknown error: web view not found
  (Session info: chrome=97.0.4692.99)
Stacktrace:
Backtrace:
	Ordinal0 [0x004BFDC3+2555331]
	Ordinal0 [0x004577F1+2127857]
	Ordinal0 [0x00352E08+1060360]
	Ordinal0 [0x0033C270+967280]
	Ordinal0 [0x0039A119+1351961]
	Ordinal0 [0x003A6D82+1404290]
	Ordinal0 [0x00397976+1341814]
	Ordinal0 [0x003736B6+1193654]
	Ordinal0 [0x00374546+1197382]
	GetHandleVerifier [0x00659622+1619522]
	GetHandleVerifier [0x0070882C+2336844]
	GetHandleVerifier [0x005523E1+541697]
	GetHandleVerifier [0x00551443+537699]
	Ordinal0 [0x0045D18E+2150798]
	Ordinal0 [0x00461518+2168088]
	Ordinal0 [0x00461660+2168416]
	Ordinal0 [0x0046B330+2208560]
	BaseThreadInitThunk [0x768CFA29+25]
	RtlGetAppContainerNamedObjectPath [0x77567A9E+286]
	RtlGetAppContainerNamedObjectPath [0x77567A6E+238]
</status>
</test>
<test id="s1-s1-s1-t5" name="Test5">
<status status="FAIL" starttime="20220208 22:15:51.356" endtime="20220208 22:15:51.358">Parent suite setup failed:
NoSuchWindowException: Message: no such window: target window already closed
from unknown error: web view not found
  (Session info: chrome=97.0.4692.99)
Stacktrace:
Backtrace:
	Ordinal0 [0x004BFDC3+2555331]
	Ordinal0 [0x004577F1+2127857]
	Ordinal0 [0x00352E08+1060360]
	Ordinal0 [0x0033C270+967280]
	Ordinal0 [0x0039A119+1351961]
	Ordinal0 [0x003A6D82+1404290]
	Ordinal0 [0x00397976+1341814]
	Ordinal0 [0x003736B6+1193654]
	Ordinal0 [0x00374546+1197382]
	GetHandleVerifier [0x00659622+1619522]
	GetHandleVerifier [0x0070882C+2336844]
	GetHandleVerifier [0x005523E1+541697]
	GetHandleVerifier [0x00551443+537699]
	Ordinal0 [0x0045D18E+2150798]
	Ordinal0 [0x00461518+2168088]
	Ordinal0 [0x00461660+2168416]
	Ordinal0 [0x0046B330+2208560]
	BaseThreadInitThunk [0x768CFA29+25]
	RtlGetAppContainerNamedObjectPath [0x77567A9E+286]
	RtlGetAppContainerNamedObjectPath [0x77567A6E+238]
</status>
</test>
<test id="s1-s1-s1-t6" name="Test6">
<status status="FAIL" starttime="20220208 22:15:51.370" endtime="20220208 22:15:51.372">Parent suite setup failed:
NoSuchWindowException: Message: no such window: target window already closed
from unknown error: web view not found
  (Session info: chrome=97.0.4692.99)
Stacktrace:
Backtrace:
	Ordinal0 [0x004BFDC3+2555331]
	Ordinal0 [0x004577F1+2127857]
	Ordinal0 [0x00352E08+1060360]
	Ordinal0 [0x0033C270+967280]
	Ordinal0 [0x0039A119+1351961]
	Ordinal0 [0x003A6D82+1404290]
	Ordinal0 [0x00397976+1341814]
	Ordinal0 [0x003736B6+1193654]
	Ordinal0 [0x00374546+1197382]
	GetHandleVerifier [0x00659622+1619522]
	GetHandleVerifier [0x0070882C+2336844]
	GetHandleVerifier [0x005523E1+541697]
	GetHandleVerifier [0x00551443+537699]
	Ordinal0 [0x0045D18E+2150798]
	Ordinal0 [0x00461518+2168088]
	Ordinal0 [0x00461660+2168416]
	Ordinal0 [0x0046B330+2208560]
	BaseThreadInitThunk [0x768CFA29+25]
	RtlGetAppContainerNamedObjectPath [0x77567A9E+286]
	RtlGetAppContainerNamedObjectPath [0x77567A6E+238]
</status>
</test>
<test id="s1-s1-s1-t7" name="Test7">
<status status="FAIL" starttime="20220208 22:15:51.380" endtime="20220208 22:15:51.382">Parent suite setup failed:
NoSuchWindowException: Message: no such window: target window already closed
from unknown error: web view not found
  (Session info: chrome=97.0.4692.99)
Stacktrace:
Backtrace:
	Ordinal0 [0x004BFDC3+2555331]
	Ordinal0 [0x004577F1+2127857]
	Ordinal0 [0x00352E08+1060360]
	Ordinal0 [0x0033C270+967280]
	Ordinal0 [0x0039A119+1351961]
	Ordinal0 [0x003A6D82+1404290]
	Ordinal0 [0x00397976+1341814]
	Ordinal0 [0x003736B6+1193654]
	Ordinal0 [0x00374546+1197382]
	GetHandleVerifier [0x00659622+1619522]
	GetHandleVerifier [0x0070882C+2336844]
	GetHandleVerifier [0x005523E1+541697]
	GetHandleVerifier [0x00551443+537699]
	Ordinal0 [0x0045D18E+2150798]
	Ordinal0 [0x00461518+2168088]
	Ordinal0 [0x00461660+2168416]
	Ordinal0 [0x0046B330+2208560]
	BaseThreadInitThunk [0x768CFA29+25]
	RtlGetAppContainerNamedObjectPath [0x77567A9E+286]
	RtlGetAppContainerNamedObjectPath [0x77567A6E+238]
</status>
</test>
<test id="s1-s1-s1-t8" name="Test8">
<status status="FAIL" starttime="20220208 22:15:51.388" endtime="20220208 22:15:51.390">Parent suite setup failed:
NoSuchWindowException: Message: no such window: target window already closed
from unknown error: web view not found
  (Session info: chrome=97.0.4692.99)
Stacktrace:
Backtrace:
	Ordinal0 [0x004BFDC3+2555331]
	Ordinal0 [0x004577F1+2127857]
	Ordinal0 [0x00352E08+1060360]
	Ordinal0 [0x0033C270+967280]
	Ordinal0 [0x0039A119+1351961]
	Ordinal0 [0x003A6D82+1404290]
	Ordinal0 [0x00397976+1341814]
	Ordinal0 [0x003736B6+1193654]
	Ordinal0 [0x00374546+1197382]
	GetHandleVerifier [0x00659622+1619522]
	GetHandleVerifier [0x0070882C+2336844]
	GetHandleVerifier [0x005523E1+541697]
	GetHandleVerifier [0x00551443+537699]
	Ordinal0 [0x0045D18E+2150798]
	Ordinal0 [0x00461518+2168088]
	Ordinal0 [0x00461660+2168416]
	Ordinal0 [0x0046B330+2208560]
	BaseThreadInitThunk [0x768CFA29+25]
	RtlGetAppContainerNamedObjectPath [0x77567A9E+286]
	RtlGetAppContainerNamedObjectPath [0x77567A6E+238]
</status>
</test>
<test id="s1-s1-s1-t9" name="Test9">
<status status="FAIL" starttime="20220208 22:15:51.394" endtime="20220208 22:15:51.395">Parent suite setup failed:
NoSuchWindowException: Message: no such window: target window already closed
from unknown error: web view not found
  (Session info: chrome=97.0.4692.99)
Stacktrace:
Backtrace:
	Ordinal0 [0x004BFDC3+2555331]
	Ordinal0 [0x004577F1+2127857]
	Ordinal0 [0x00352E08+1060360]
	Ordinal0 [0x0033C270+967280]
	Ordinal0 [0x0039A119+1351961]
	Ordinal0 [0x003A6D82+1404290]
	Ordinal0 [0x00397976+1341814]
	Ordinal0 [0x003736B6+1193654]
	Ordinal0 [0x00374546+1197382]
	GetHandleVerifier [0x00659622+1619522]
	GetHandleVerifier [0x0070882C+2336844]
	GetHandleVerifier [0x005523E1+541697]
	GetHandleVerifier [0x00551443+537699]
	Ordinal0 [0x0045D18E+2150798]
	Ordinal0 [0x00461518+2168088]
	Ordinal0 [0x00461660+2168416]
	Ordinal0 [0x0046B330+2208560]
	BaseThreadInitThunk [0x768CFA29+25]
	RtlGetAppContainerNamedObjectPath [0x77567A9E+286]
	RtlGetAppContainerNamedObjectPath [0x77567A6E+238]
</status>
</test>
<test id="s1-s1-s1-t10" name="Test10">
<status status="FAIL" starttime="20220208 22:15:51.400" endtime="20220208 22:15:51.401">Parent suite setup failed:
NoSuchWindowException: Message: no such window: target window already closed
from unknown error: web view not found
  (Session info: chrome=97.0.4692.99)
Stacktrace:
Backtrace:
	Ordinal0 [0x004BFDC3+2555331]
	Ordinal0 [0x004577F1+2127857]
	Ordinal0 [0x00352E08+1060360]
	Ordinal0 [0x0033C270+967280]
	Ordinal0 [0x0039A119+1351961]
	Ordinal0 [0x003A6D82+1404290]
	Ordinal0 [0x00397976+1341814]
	Ordinal0 [0x003736B6+1193654]
	Ordinal0 [0x00374546+1197382]
	GetHandleVerifier [0x00659622+1619522]
	GetHandleVerifier [0x0070882C+2336844]
	GetHandleVerifier [0x005523E1+541697]
	GetHandleVerifier [0x00551443+537699]
	Ordinal0 [0x0045D18E+2150798]
	Ordinal0 [0x00461518+2168088]
	Ordinal0 [0x00461660+2168416]
	Ordinal0 [0x0046B330+2208560]
	BaseThreadInitThunk [0x768CFA29+25]
	RtlGetAppContainerNamedObjectPath [0x77567A9E+286]
	RtlGetAppContainerNamedObjectPath [0x77567A6E+238]
</status>
</test>
<test id="s1-s1-s1-t11" name="Test11">
<status status="FAIL" starttime="20220208 22:15:51.406" endtime="20220208 22:15:51.408">Parent suite setup failed:
NoSuchWindowException: Message: no such window: target window already closed
from unknown error: web view not found
  (Session info: chrome=97.0.4692.99)
Stacktrace:
Backtrace:
	Ordinal0 [0x004BFDC3+2555331]
	Ordinal0 [0x004577F1+2127857]
	Ordinal0 [0x00352E08+1060360]
	Ordinal0 [0x0033C270+967280]
	Ordinal0 [0x0039A119+1351961]
	Ordinal0 [0x003A6D82+1404290]
	Ordinal0 [0x00397976+1341814]
	Ordinal0 [0x003736B6+1193654]
	Ordinal0 [0x00374546+1197382]
	GetHandleVerifier [0x00659622+1619522]
	GetHandleVerifier [0x0070882C+2336844]
	GetHandleVerifier [0x005523E1+541697]
	GetHandleVerifier [0x00551443+537699]
	Ordinal0 [0x0045D18E+2150798]
	Ordinal0 [0x00461518+2168088]
	Ordinal0 [0x00461660+2168416]
	Ordinal0 [0x0046B330+2208560]
	BaseThreadInitThunk [0x768CFA29+25]
	RtlGetAppContainerNamedObjectPath [0x77567A9E+286]
	RtlGetAppContainerNamedObjectPath [0x77567A6E+238]
</status>
</test>
<test id="s1-s1-s1-t12" name="Test12">
<status status="FAIL" starttime="20220208 22:15:51.413" endtime="20220208 22:15:51.415">Parent suite setup failed:
NoSuchWindowException: Message: no such window: target window already closed
from unknown error: web view not found
  (Session info: chrome=97.0.4692.99)
Stacktrace:
Backtrace:
	Ordinal0 [0x004BFDC3+2555331]
	Ordinal0 [0x004577F1+2127857]
	Ordinal0 [0x00352E08+1060360]
	Ordinal0 [0x0033C270+967280]
	Ordinal0 [0x0039A119+1351961]
	Ordinal0 [0x003A6D82+1404290]
	Ordinal0 [0x00397976+1341814]
	Ordinal0 [0x003736B6+1193654]
	Ordinal0 [0x00374546+1197382]
	GetHandleVerifier [0x00659622+1619522]
	GetHandleVerifier [0x0070882C+2336844]
	GetHandleVerifier [0x005523E1+541697]
	GetHandleVerifier [0x00551443+537699]
	Ordinal0 [0x0045D18E+2150798]
	Ordinal0 [0x00461518+2168088]
	Ordinal0 [0x00461660+2168416]
	Ordinal0 [0x0046B330+2208560]
	BaseThreadInitThunk [0x768CFA29+25]
	RtlGetAppContainerNamedObjectPath [0x77567A9E+286]
	RtlGetAppContainerNamedObjectPath [0x77567A6E+238]
</status>
</test>
<test id="s1-s1-s1-t13" name="Test13">
<status status="FAIL" starttime="20220208 22:15:51.421" endtime="20220208 22:15:51.423">Parent suite setup failed:
NoSuchWindowException: Message: no such window: target window already closed
from unknown error: web view not found
  (Session info: chrome=97.0.4692.99)
Stacktrace:
Backtrace:
	Ordinal0 [0x004BFDC3+2555331]
	Ordinal0 [0x004577F1+2127857]
	Ordinal0 [0x00352E08+1060360]
	Ordinal0 [0x0033C270+967280]
	Ordinal0 [0x0039A119+1351961]
	Ordinal0 [0x003A6D82+1404290]
	Ordinal0 [0x00397976+1341814]
	Ordinal0 [0x003736B6+1193654]
	Ordinal0 [0x00374546+1197382]
	GetHandleVerifier [0x00659622+1619522]
	GetHandleVerifier [0x0070882C+2336844]
	GetHandleVerifier [0x005523E1+541697]
	GetHandleVerifier [0x00551443+537699]
	Ordinal0 [0x0045D18E+2150798]
	Ordinal0 [0x00461518+2168088]
	Ordinal0 [0x00461660+2168416]
	Ordinal0 [0x0046B330+2208560]
	BaseThreadInitThunk [0x768CFA29+25]
	RtlGetAppContainerNamedObjectPath [0x77567A9E+286]
	RtlGetAppContainerNamedObjectPath [0x77567A6E+238]
</status>
</test>
<test id="s1-s1-s1-t14" name="Test14">
<status status="FAIL" starttime="20220208 22:15:51.429" endtime="20220208 22:15:51.430">Parent suite setup failed:
NoSuchWindowException: Message: no such window: target window already closed
from unknown error: web view not found
  (Session info: chrome=97.0.4692.99)
Stacktrace:
Backtrace:
	Ordinal0 [0x004BFDC3+2555331]
	Ordinal0 [0x004577F1+2127857]
	Ordinal0 [0x00352E08+1060360]
	Ordinal0 [0x0033C270+967280]
	Ordinal0 [0x0039A119+1351961]
	Ordinal0 [0x003A6D82+1404290]
	Ordinal0 [0x00397976+1341814]
	Ordinal0 [0x003736B6+1193654]
	Ordinal0 [0x00374546+1197382]
	GetHandleVerifier [0x00659622+1619522]
	GetHandleVerifier [0x0070882C+2336844]
	GetHandleVerifier [0x005523E1+541697]
	GetHandleVerifier [0x00551443+537699]
	Ordinal0 [0x0045D18E+2150798]
	Ordinal0 [0x00461518+2168088]
	Ordinal0 [0x00461660+2168416]
	Ordinal0 [0x0046B330+2208560]
	BaseThreadInitThunk [0x768CFA29+25]
	RtlGetAppContainerNamedObjectPath [0x77567A9E+286]
	RtlGetAppContainerNamedObjectPath [0x77567A6E+238]
</status>
</test>
<test id="s1-s1-s1-t15" name="Test15">
<status status="FAIL" starttime="20220208 22:15:51.434" endtime="20220208 22:15:51.436">Parent suite setup failed:
NoSuchWindowException: Message: no such window: target window already closed
from unknown error: web view not found
  (Session info: chrome=97.0.4692.99)
Stacktrace:
Backtrace:
	Ordinal0 [0x004BFDC3+2555331]
	Ordinal0 [0x004577F1+2127857]
	Ordinal0 [0x00352E08+1060360]
	Ordinal0 [0x0033C270+967280]
	Ordinal0 [0x0039A119+1351961]
	Ordinal0 [0x003A6D82+1404290]
	Ordinal0 [0x00397976+1341814]
	Ordinal0 [0x003736B6+1193654]
	Ordinal0 [0x00374546+1197382]
	GetHandleVerifier [0x00659622+1619522]
	GetHandleVerifier [0x0070882C+2336844]
	GetHandleVerifier [0x005523E1+541697]
	GetHandleVerifier [0x00551443+537699]
	Ordinal0 [0x0045D18E+2150798]
	Ordinal0 [0x00461518+2168088]
	Ordinal0 [0x00461660+2168416]
	Ordinal0 [0x0046B330+2208560]
	BaseThreadInitThunk [0x768CFA29+25]
	RtlGetAppContainerNamedObjectPath [0x77567A9E+286]
	RtlGetAppContainerNamedObjectPath [0x77567A6E+238]
</status>
</test>
<test id="s1-s1-s1-t16" name="Test16">
<status status="FAIL" starttime="20220208 22:15:51.440" endtime="20220208 22:15:51.441">Parent suite setup failed:
NoSuchWindowException: Message: no such window: target window already closed
from unknown error: web view not found
  (Session info: chrome=97.0.4692.99)
Stacktrace:
Backtrace:
	Ordinal0 [0x004BFDC3+2555331]
	Ordinal0 [0x004577F1+2127857]
	Ordinal0 [0x00352E08+1060360]
	Ordinal0 [0x0033C270+967280]
	Ordinal0 [0x0039A119+1351961]
	Ordinal0 [0x003A6D82+1404290]
	Ordinal0 [0x00397976+1341814]
	Ordinal0 [0x003736B6+1193654]
	Ordinal0 [0x00374546+1197382]
	GetHandleVerifier [0x00659622+1619522]
	GetHandleVerifier [0x0070882C+2336844]
	GetHandleVerifier [0x005523E1+541697]
	GetHandleVerifier [0x00551443+537699]
	Ordinal0 [0x0045D18E+2150798]
	Ordinal0 [0x00461518+2168088]
	Ordinal0 [0x00461660+2168416]
	Ordinal0 [0x0046B330+2208560]
	BaseThreadInitThunk [0x768CFA29+25]
	RtlGetAppContainerNamedObjectPath [0x77567A9E+286]
	RtlGetAppContainerNamedObjectPath [0x77567A6E+238]
</status>
</test>
<kw name="Close Browser" library="SeleniumLibrary" type="TEARDOWN">
<doc>Closes the current browser.</doc>
<status status="PASS" starttime="20220208 22:15:51.447" endtime="20220208 22:15:53.614"/>
</kw>
<doc>06 - Sell a Property
As a customer, I want to be able to sell my properties.

By Bryan Camarillo</doc>
<status status="FAIL" starttime="20220208 22:14:19.915" endtime="20220208 22:15:53.614">Suite setup failed:
NoSuchWindowException: Message: no such window: target window already closed
from unknown error: web view not found
  (Session info: chrome=97.0.4692.99)
Stacktrace:
Backtrace:
	Ordinal0 [0x004BFDC3+2555331]
	Ordinal0 [0x004577F1+2127857]
	Ordinal0 [0x00352E08+1060360]
	Ordinal0 [0x0033C270+967280]
	Ordinal0 [0x0039A119+1351961]
	Ordinal0 [0x003A6D82+1404290]
	Ordinal0 [0x00397976+1341814]
	Ordinal0 [0x003736B6+1193654]
	Ordinal0 [0x00374546+1197382]
	GetHandleVerifier [0x00659622+1619522]
	GetHandleVerifier [0x0070882C+2336844]
	GetHandleVerifier [0x005523E1+541697]
	GetHandleVerifier [0x00551443+537699]
	Ordinal0 [0x0045D18E+2150798]
	Ordinal0 [0x00461518+2168088]
	Ordinal0 [0x00461660+2168416]
	Ordinal0 [0x0046B330+2208560]
	BaseThreadInitThunk [0x768CFA29+25]
	RtlGetAppContainerNamedObjectPath [0x77567A9E+286]
	RtlGetAppContainerNamedObjectPath [0x77567A6E+238]
</status>
</suite>
<status status="FAIL" starttime="20220208 22:14:19.912" endtime="20220208 22:15:53.623"/>
</suite>
<status status="FAIL" starttime="20220208 22:14:19.879" endtime="20220208 22:15:53.627"/>
</suite>
<statistics>
<total>
<stat pass="0" fail="16" skip="0">All Tests</stat>
</total>
<tag>
</tag>
<suite>
<stat pass="0" fail="16" skip="0" id="s1" name="Testing">Testing</stat>
<stat pass="0" fail="16" skip="0" id="s1-s1" name="US 06">Testing.US 06</stat>
<stat pass="0" fail="16" skip="0" id="s1-s1-s1" name="Us6">Testing.US 06.Us6</stat>
</suite>
</statistics>
<errors>
<msg timestamp="20220208 22:15:51.309" level="WARN">Keyword 'Capture Page Screenshot' could not be run on failure: Message: no such window: target window already closed
from unknown error: web view not found
  (Session info: chrome=97.0.4692.99)
Stacktrace:
Backtrace:
	Ordinal0 [0x004BFDC3+2555331]
	Ordinal0 [0x004577F1+2127857]
	Ordinal0 [0x00352E08+1060360]
	Ordinal0 [0x0033C270+967280]
	Ordinal0 [0x0039A119+1351961]
	Ordinal0 [0x003A6D82+1404290]
	Ordinal0 [0x00397976+1341814]
	Ordinal0 [0x003736B6+1193654]
	Ordinal0 [0x00374546+1197382]
	GetHandleVerifier [0x00659622+1619522]
	GetHandleVerifier [0x0070882C+2336844]
	GetHandleVerifier [0x005523E1+541697]
	GetHandleVerifier [0x00551443+537699]
	Ordinal0 [0x0045D18E+2150798]
	Ordinal0 [0x00461518+2168088]
	Ordinal0 [0x00461660+2168416]
	Ordinal0 [0x0046B330+2208560]
	BaseThreadInitThunk [0x768CFA29+25]
	RtlGetAppContainerNamedObjectPath [0x77567A9E+286]
	RtlGetAppContainerNamedObjectPath [0x77567A6E+238]
</msg>
</errors>
</robot>
